  Collision.cpp
C:\Users\Griffin G. Salazar\Cpp Projects\SpookyMatch\src\Engine\Math\Geometry.h(23,43): warning C4244: 'return': conversion from 'double' to 'float', possible loss of data
  (compiling source file 'src/Engine/Collision.cpp')
  
C:\Users\Griffin G. Salazar\Cpp Projects\SpookyMatch\src\Engine\Math\Geometry.h(35,43): warning C4244: 'return': conversion from 'double' to 'float', possible loss of data
  (compiling source file 'src/Engine/Collision.cpp')
  
C:\Users\Griffin G. Salazar\Cpp Projects\SpookyMatch\src\Engine\Math\Geometry.h(36,45): warning C4244: 'return': conversion from 'double' to 'float', possible loss of data
  (compiling source file 'src/Engine/Collision.cpp')
  
C:\Users\Griffin G. Salazar\Cpp Projects\SpookyMatch\src\Engine\Math\Geometry.h(47,124): warning C4244: 'return': conversion from 'double' to 'float', possible loss of data
  (compiling source file 'src/Engine/Collision.cpp')
  
C:\Users\Griffin G. Salazar\Cpp Projects\SpookyMatch\src\Engine\Math\Geometry.h(60,39): warning C4244: 'return': conversion from 'int' to 'float', possible loss of data
  (compiling source file 'src/Engine/Collision.cpp')
  
C:\Users\Griffin G. Salazar\Cpp Projects\SpookyMatch\src\Engine\Math\Vec2.h(110,16): warning C4244: 'return': conversion from 'double' to 'float', possible loss of data
  (compiling source file 'src/Engine/Collision.cpp')
      C:\Users\Griffin G. Salazar\Cpp Projects\SpookyMatch\src\Engine\Math\Vec2.h(110,16):
      the template instantiation context (the oldest one first) is
          C:\Users\Griffin G. Salazar\Cpp Projects\SpookyMatch\src\Engine\Collision.cpp(31,12):
          see reference to function template instantiation 'float Distance<int>(const Vec2<int> &,const Vec2<int> &)' being compiled
  
  Input.cpp
C:\Users\Griffin G. Salazar\Cpp Projects\SpookyMatch\src\Engine\Math\Geometry.h(23,43): warning C4244: 'return': conversion from 'double' to 'float', possible loss of data
  (compiling source file 'src/Engine/Input.cpp')
  
C:\Users\Griffin G. Salazar\Cpp Projects\SpookyMatch\src\Engine\Math\Geometry.h(35,43): warning C4244: 'return': conversion from 'double' to 'float', possible loss of data
  (compiling source file 'src/Engine/Input.cpp')
  
C:\Users\Griffin G. Salazar\Cpp Projects\SpookyMatch\src\Engine\Math\Geometry.h(36,45): warning C4244: 'return': conversion from 'double' to 'float', possible loss of data
  (compiling source file 'src/Engine/Input.cpp')
  
C:\Users\Griffin G. Salazar\Cpp Projects\SpookyMatch\src\Engine\Math\Geometry.h(47,124): warning C4244: 'return': conversion from 'double' to 'float', possible loss of data
  (compiling source file 'src/Engine/Input.cpp')
  
C:\Users\Griffin G. Salazar\Cpp Projects\SpookyMatch\src\Engine\Math\Geometry.h(60,39): warning C4244: 'return': conversion from 'int' to 'float', possible loss of data
  (compiling source file 'src/Engine/Input.cpp')
  
C:\Users\Griffin G. Salazar\Cpp Projects\SpookyMatch\src\Engine\Graphics\Camera.h(14,67): warning C4244: '=': conversion from 'float' to 'int', possible loss of data
  (compiling source file 'src/Engine/Input.cpp')
  
C:\Users\Griffin G. Salazar\Cpp Projects\SpookyMatch\src\Engine\Graphics\Camera.h(14,110): warning C4244: '=': conversion from 'float' to 'int', possible loss of data
  (compiling source file 'src/Engine/Input.cpp')
  
  Math.cpp
  Entity.cpp
C:\Users\Griffin G. Salazar\Cpp Projects\SpookyMatch\src\Engine\Math\Geometry.h(23,43): warning C4244: 'return': conversion from 'double' to 'float', possible loss of data
  (compiling source file 'src/Entities/Entity.cpp')
  
C:\Users\Griffin G. Salazar\Cpp Projects\SpookyMatch\src\Engine\Math\Geometry.h(35,43): warning C4244: 'return': conversion from 'double' to 'float', possible loss of data
  (compiling source file 'src/Entities/Entity.cpp')
  
C:\Users\Griffin G. Salazar\Cpp Projects\SpookyMatch\src\Engine\Math\Geometry.h(36,45): warning C4244: 'return': conversion from 'double' to 'float', possible loss of data
  (compiling source file 'src/Entities/Entity.cpp')
  
C:\Users\Griffin G. Salazar\Cpp Projects\SpookyMatch\src\Engine\Math\Geometry.h(47,124): warning C4244: 'return': conversion from 'double' to 'float', possible loss of data
  (compiling source file 'src/Entities/Entity.cpp')
  
C:\Users\Griffin G. Salazar\Cpp Projects\SpookyMatch\src\Engine\Math\Geometry.h(60,39): warning C4244: 'return': conversion from 'int' to 'float', possible loss of data
  (compiling source file 'src/Entities/Entity.cpp')
  
C:\Users\Griffin G. Salazar\Cpp Projects\SpookyMatch\src\Engine\Graphics\Camera.h(14,67): warning C4244: '=': conversion from 'float' to 'int', possible loss of data
  (compiling source file 'src/Entities/Entity.cpp')
  
C:\Users\Griffin G. Salazar\Cpp Projects\SpookyMatch\src\Engine\Graphics\Camera.h(14,110): warning C4244: '=': conversion from 'float' to 'int', possible loss of data
  (compiling source file 'src/Entities/Entity.cpp')
  
C:\Users\Griffin G. Salazar\Cpp Projects\SpookyMatch\src\Engine\Graphics\Font.h(11,37): warning C4244: 'argument': conversion from 'uint' to 'float', possible loss of data
  (compiling source file 'src/Entities/Entity.cpp')
  
C:\Users\Griffin G. Salazar\Cpp Projects\SpookyMatch\src\Engine\Graphics\Font.h(15,38): warning C4244: 'argument': conversion from 'uint' to 'float', possible loss of data
  (compiling source file 'src/Entities/Entity.cpp')
  
C:\Users\Griffin G. Salazar\Cpp Projects\SpookyMatch\src\Engine\Graphics\Sprite.h(50,56): warning C4834: discarding return value of function with [[nodiscard]] attribute
  (compiling source file 'src/Entities/Entity.cpp')
  
C:\Users\Griffin G. Salazar\Cpp Projects\SpookyMatch\src\Engine\Graphics\Sprite.h(64,59): warning C4244: '=': conversion from 'double' to 'float', possible loss of data
  (compiling source file 'src/Entities/Entity.cpp')
  
C:\Users\Griffin G. Salazar\Cpp Projects\SpookyMatch\src\Engine\Graphics\Sprite.h(65,52): warning C4244: 'return': conversion from 'double' to 'float', possible loss of data
  (compiling source file 'src/Entities/Entity.cpp')
  
C:\Users\Griffin G. Salazar\Cpp Projects\SpookyMatch\src\Game\Game.h(39,34): warning C4150: deletion of pointer to incomplete type 'Entity'; no destructor called
  (compiling source file 'src/Entities/Entity.cpp')
      C:\Users\Griffin G. Salazar\Cpp Projects\SpookyMatch\src\Game\Game.h(11,7):
      see declaration of 'Entity'
  
C:\Users\Griffin G. Salazar\Cpp Projects\SpookyMatch\src\Game\Game.h(42,31): warning C4150: deletion of pointer to incomplete type 'Icon'; no destructor called
  (compiling source file 'src/Entities/Entity.cpp')
      C:\Users\Griffin G. Salazar\Cpp Projects\SpookyMatch\src\Game\Game.h(12,7):
      see declaration of 'Icon'
  
C:\Users\Griffin G. Salazar\Cpp Projects\SpookyMatch\src\Game\Game.h(45,31): warning C4150: deletion of pointer to incomplete type 'Menu'; no destructor called
  (compiling source file 'src/Entities/Entity.cpp')
      C:\Users\Griffin G. Salazar\Cpp Projects\SpookyMatch\src\Game\Game.h(10,7):
      see declaration of 'Menu'
  
C:\Users\Griffin G. Salazar\Cpp Projects\SpookyMatch\src\Game\Game.h(48,9): warning C4150: deletion of pointer to incomplete type 'Text'; no destructor called
  (compiling source file 'src/Entities/Entity.cpp')
      C:\Users\Griffin G. Salazar\Cpp Projects\SpookyMatch\src\Engine\Graphics\Renderer.h(8,7):
      see declaration of 'Text'
  
C:\Users\Griffin G. Salazar\Cpp Projects\SpookyMatch\src\Game\Game.h(49,9): warning C4150: deletion of pointer to incomplete type 'Text'; no destructor called
  (compiling source file 'src/Entities/Entity.cpp')
      C:\Users\Griffin G. Salazar\Cpp Projects\SpookyMatch\src\Engine\Graphics\Renderer.h(8,7):
      see declaration of 'Text'
  
C:\Users\Griffin G. Salazar\Cpp Projects\SpookyMatch\src\Game\Game.h(50,9): warning C4150: deletion of pointer to incomplete type 'Text'; no destructor called
  (compiling source file 'src/Entities/Entity.cpp')
      C:\Users\Griffin G. Salazar\Cpp Projects\SpookyMatch\src\Engine\Graphics\Renderer.h(8,7):
      see declaration of 'Text'
  
C:\Users\Griffin G. Salazar\Cpp Projects\SpookyMatch\src\Game\Game.h(51,9): warning C4150: deletion of pointer to incomplete type 'Text'; no destructor called
  (compiling source file 'src/Entities/Entity.cpp')
      C:\Users\Griffin G. Salazar\Cpp Projects\SpookyMatch\src\Engine\Graphics\Renderer.h(8,7):
      see declaration of 'Text'
  
C:\Users\Griffin G. Salazar\Cpp Projects\SpookyMatch\src\Engine\Graphics\Text.h(58,55): warning C4834: discarding return value of function with [[nodiscard]] attribute
  (compiling source file 'src/Entities/Entity.cpp')
  
C:\Users\Griffin G. Salazar\Cpp Projects\SpookyMatch\src\Engine\Graphics\Text.h(86,59): warning C4244: '=': conversion from 'double' to 'float', possible loss of data
  (compiling source file 'src/Entities/Entity.cpp')
  
C:\Users\Griffin G. Salazar\Cpp Projects\SpookyMatch\src\Engine\Graphics\Text.h(87,52): warning C4244: 'return': conversion from 'double' to 'float', possible loss of data
  (compiling source file 'src/Entities/Entity.cpp')
  
C:\Users\Griffin G. Salazar\Cpp Projects\SpookyMatch\src\Entities\Entity.cpp(18,9): warning C4834: discarding return value of function with [[nodiscard]] attribute
C:\Users\Griffin G. Salazar\Cpp Projects\SpookyMatch\src\Entities\Entity.cpp(39,20): warning C4244: '=': conversion from 'float' to 'int', possible loss of data
C:\Users\Griffin G. Salazar\Cpp Projects\SpookyMatch\src\Entities\Entity.cpp(40,20): warning C4244: '=': conversion from 'float' to 'int', possible loss of data
  Icon.cpp
C:\Users\Griffin G. Salazar\Cpp Projects\SpookyMatch\src\Engine\Math\Geometry.h(23,43): warning C4244: 'return': conversion from 'double' to 'float', possible loss of data
  (compiling source file 'src/Entities/Icon.cpp')
  
C:\Users\Griffin G. Salazar\Cpp Projects\SpookyMatch\src\Engine\Math\Geometry.h(35,43): warning C4244: 'return': conversion from 'double' to 'float', possible loss of data
  (compiling source file 'src/Entities/Icon.cpp')
  
C:\Users\Griffin G. Salazar\Cpp Projects\SpookyMatch\src\Engine\Math\Geometry.h(36,45): warning C4244: 'return': conversion from 'double' to 'float', possible loss of data
  (compiling source file 'src/Entities/Icon.cpp')
  
C:\Users\Griffin G. Salazar\Cpp Projects\SpookyMatch\src\Engine\Math\Geometry.h(47,124): warning C4244: 'return': conversion from 'double' to 'float', possible loss of data
  (compiling source file 'src/Entities/Icon.cpp')
  
C:\Users\Griffin G. Salazar\Cpp Projects\SpookyMatch\src\Engine\Math\Geometry.h(60,39): warning C4244: 'return': conversion from 'int' to 'float', possible loss of data
  (compiling source file 'src/Entities/Icon.cpp')
  
C:\Users\Griffin G. Salazar\Cpp Projects\SpookyMatch\src\Engine\Graphics\Camera.h(14,67): warning C4244: '=': conversion from 'float' to 'int', possible loss of data
  (compiling source file 'src/Entities/Icon.cpp')
  
C:\Users\Griffin G. Salazar\Cpp Projects\SpookyMatch\src\Engine\Graphics\Camera.h(14,110): warning C4244: '=': conversion from 'float' to 'int', possible loss of data
  (compiling source file 'src/Entities/Icon.cpp')
  
C:\Users\Griffin G. Salazar\Cpp Projects\SpookyMatch\src\Engine\Graphics\Font.h(11,37): warning C4244: 'argument': conversion from 'uint' to 'float', possible loss of data
  (compiling source file 'src/Entities/Icon.cpp')
  
C:\Users\Griffin G. Salazar\Cpp Projects\SpookyMatch\src\Engine\Graphics\Font.h(15,38): warning C4244: 'argument': conversion from 'uint' to 'float', possible loss of data
  (compiling source file 'src/Entities/Icon.cpp')
  
C:\Users\Griffin G. Salazar\Cpp Projects\SpookyMatch\src\Engine\Graphics\Sprite.h(50,56): warning C4834: discarding return value of function with [[nodiscard]] attribute
  (compiling source file 'src/Entities/Icon.cpp')
  
C:\Users\Griffin G. Salazar\Cpp Projects\SpookyMatch\src\Engine\Graphics\Sprite.h(64,59): warning C4244: '=': conversion from 'double' to 'float', possible loss of data
  (compiling source file 'src/Entities/Icon.cpp')
  
C:\Users\Griffin G. Salazar\Cpp Projects\SpookyMatch\src\Engine\Graphics\Sprite.h(65,52): warning C4244: 'return': conversion from 'double' to 'float', possible loss of data
  (compiling source file 'src/Entities/Icon.cpp')
  
C:\Users\Griffin G. Salazar\Cpp Projects\SpookyMatch\src\Game\Game.h(39,34): warning C4150: deletion of pointer to incomplete type 'Entity'; no destructor called
  (compiling source file 'src/Entities/Icon.cpp')
      C:\Users\Griffin G. Salazar\Cpp Projects\SpookyMatch\src\Game\Game.h(11,7):
      see declaration of 'Entity'
  
C:\Users\Griffin G. Salazar\Cpp Projects\SpookyMatch\src\Game\Game.h(42,31): warning C4150: deletion of pointer to incomplete type 'Icon'; no destructor called
  (compiling source file 'src/Entities/Icon.cpp')
      C:\Users\Griffin G. Salazar\Cpp Projects\SpookyMatch\src\Game\Game.h(12,7):
      see declaration of 'Icon'
  
C:\Users\Griffin G. Salazar\Cpp Projects\SpookyMatch\src\Game\Game.h(45,31): warning C4150: deletion of pointer to incomplete type 'Menu'; no destructor called
  (compiling source file 'src/Entities/Icon.cpp')
      C:\Users\Griffin G. Salazar\Cpp Projects\SpookyMatch\src\Game\Game.h(10,7):
      see declaration of 'Menu'
  
C:\Users\Griffin G. Salazar\Cpp Projects\SpookyMatch\src\Game\Game.h(48,9): warning C4150: deletion of pointer to incomplete type 'Text'; no destructor called
  (compiling source file 'src/Entities/Icon.cpp')
      C:\Users\Griffin G. Salazar\Cpp Projects\SpookyMatch\src\Engine\Graphics\Renderer.h(8,7):
      see declaration of 'Text'
  
C:\Users\Griffin G. Salazar\Cpp Projects\SpookyMatch\src\Game\Game.h(49,9): warning C4150: deletion of pointer to incomplete type 'Text'; no destructor called
  (compiling source file 'src/Entities/Icon.cpp')
      C:\Users\Griffin G. Salazar\Cpp Projects\SpookyMatch\src\Engine\Graphics\Renderer.h(8,7):
      see declaration of 'Text'
  
C:\Users\Griffin G. Salazar\Cpp Projects\SpookyMatch\src\Game\Game.h(50,9): warning C4150: deletion of pointer to incomplete type 'Text'; no destructor called
  (compiling source file 'src/Entities/Icon.cpp')
      C:\Users\Griffin G. Salazar\Cpp Projects\SpookyMatch\src\Engine\Graphics\Renderer.h(8,7):
      see declaration of 'Text'
  
C:\Users\Griffin G. Salazar\Cpp Projects\SpookyMatch\src\Game\Game.h(51,9): warning C4150: deletion of pointer to incomplete type 'Text'; no destructor called
  (compiling source file 'src/Entities/Icon.cpp')
      C:\Users\Griffin G. Salazar\Cpp Projects\SpookyMatch\src\Engine\Graphics\Renderer.h(8,7):
      see declaration of 'Text'
  
C:\Users\Griffin G. Salazar\Cpp Projects\SpookyMatch\src\Engine\Graphics\Text.h(58,55): warning C4834: discarding return value of function with [[nodiscard]] attribute
  (compiling source file 'src/Entities/Icon.cpp')
  
C:\Users\Griffin G. Salazar\Cpp Projects\SpookyMatch\src\Engine\Graphics\Text.h(86,59): warning C4244: '=': conversion from 'double' to 'float', possible loss of data
  (compiling source file 'src/Entities/Icon.cpp')
  
C:\Users\Griffin G. Salazar\Cpp Projects\SpookyMatch\src\Engine\Graphics\Text.h(87,52): warning C4244: 'return': conversion from 'double' to 'float', possible loss of data
  (compiling source file 'src/Entities/Icon.cpp')
  
C:\Users\Griffin G. Salazar\Cpp Projects\SpookyMatch\src\Entities\Icon.cpp(95,65): warning C4305: 'argument': truncation from 'double' to 'const float'
  Button.cpp
C:\Users\Griffin G. Salazar\Cpp Projects\SpookyMatch\src\Engine\Math\Geometry.h(23,43): warning C4244: 'return': conversion from 'double' to 'float', possible loss of data
  (compiling source file 'src/Entities/UI/Button.cpp')
  
C:\Users\Griffin G. Salazar\Cpp Projects\SpookyMatch\src\Engine\Math\Geometry.h(35,43): warning C4244: 'return': conversion from 'double' to 'float', possible loss of data
  (compiling source file 'src/Entities/UI/Button.cpp')
  
C:\Users\Griffin G. Salazar\Cpp Projects\SpookyMatch\src\Engine\Math\Geometry.h(36,45): warning C4244: 'return': conversion from 'double' to 'float', possible loss of data
  (compiling source file 'src/Entities/UI/Button.cpp')
  
C:\Users\Griffin G. Salazar\Cpp Projects\SpookyMatch\src\Engine\Math\Geometry.h(47,124): warning C4244: 'return': conversion from 'double' to 'float', possible loss of data
  (compiling source file 'src/Entities/UI/Button.cpp')
  
C:\Users\Griffin G. Salazar\Cpp Projects\SpookyMatch\src\Engine\Math\Geometry.h(60,39): warning C4244: 'return': conversion from 'int' to 'float', possible loss of data
  (compiling source file 'src/Entities/UI/Button.cpp')
  
C:\Users\Griffin G. Salazar\Cpp Projects\SpookyMatch\src\Engine\Graphics\Camera.h(14,67): warning C4244: '=': conversion from 'float' to 'int', possible loss of data
  (compiling source file 'src/Entities/UI/Button.cpp')
  
C:\Users\Griffin G. Salazar\Cpp Projects\SpookyMatch\src\Engine\Graphics\Camera.h(14,110): warning C4244: '=': conversion from 'float' to 'int', possible loss of data
  (compiling source file 'src/Entities/UI/Button.cpp')
  
C:\Users\Griffin G. Salazar\Cpp Projects\SpookyMatch\src\Engine\Graphics\Font.h(11,37): warning C4244: 'argument': conversion from 'uint' to 'float', possible loss of data
  (compiling source file 'src/Entities/UI/Button.cpp')
  
C:\Users\Griffin G. Salazar\Cpp Projects\SpookyMatch\src\Engine\Graphics\Font.h(15,38): warning C4244: 'argument': conversion from 'uint' to 'float', possible loss of data
  (compiling source file 'src/Entities/UI/Button.cpp')
  
C:\Users\Griffin G. Salazar\Cpp Projects\SpookyMatch\src\Engine\Graphics\Sprite.h(50,56): warning C4834: discarding return value of function with [[nodiscard]] attribute
  (compiling source file 'src/Entities/UI/Button.cpp')
  
C:\Users\Griffin G. Salazar\Cpp Projects\SpookyMatch\src\Engine\Graphics\Sprite.h(64,59): warning C4244: '=': conversion from 'double' to 'float', possible loss of data
  (compiling source file 'src/Entities/UI/Button.cpp')
  
C:\Users\Griffin G. Salazar\Cpp Projects\SpookyMatch\src\Engine\Graphics\Sprite.h(65,52): warning C4244: 'return': conversion from 'double' to 'float', possible loss of data
  (compiling source file 'src/Entities/UI/Button.cpp')
  
C:\Users\Griffin G. Salazar\Cpp Projects\SpookyMatch\src\Game\Game.h(39,34): warning C4150: deletion of pointer to incomplete type 'Entity'; no destructor called
  (compiling source file 'src/Entities/UI/Button.cpp')
      C:\Users\Griffin G. Salazar\Cpp Projects\SpookyMatch\src\Game\Game.h(11,7):
      see declaration of 'Entity'
  
C:\Users\Griffin G. Salazar\Cpp Projects\SpookyMatch\src\Game\Game.h(42,31): warning C4150: deletion of pointer to incomplete type 'Icon'; no destructor called
  (compiling source file 'src/Entities/UI/Button.cpp')
      C:\Users\Griffin G. Salazar\Cpp Projects\SpookyMatch\src\Game\Game.h(12,7):
      see declaration of 'Icon'
  
C:\Users\Griffin G. Salazar\Cpp Projects\SpookyMatch\src\Game\Game.h(45,31): warning C4150: deletion of pointer to incomplete type 'Menu'; no destructor called
  (compiling source file 'src/Entities/UI/Button.cpp')
      C:\Users\Griffin G. Salazar\Cpp Projects\SpookyMatch\src\Game\Game.h(10,7):
      see declaration of 'Menu'
  
C:\Users\Griffin G. Salazar\Cpp Projects\SpookyMatch\src\Game\Game.h(48,9): warning C4150: deletion of pointer to incomplete type 'Text'; no destructor called
  (compiling source file 'src/Entities/UI/Button.cpp')
      C:\Users\Griffin G. Salazar\Cpp Projects\SpookyMatch\src\Engine\Graphics\Renderer.h(8,7):
      see declaration of 'Text'
  
C:\Users\Griffin G. Salazar\Cpp Projects\SpookyMatch\src\Game\Game.h(49,9): warning C4150: deletion of pointer to incomplete type 'Text'; no destructor called
  (compiling source file 'src/Entities/UI/Button.cpp')
      C:\Users\Griffin G. Salazar\Cpp Projects\SpookyMatch\src\Engine\Graphics\Renderer.h(8,7):
      see declaration of 'Text'
  
C:\Users\Griffin G. Salazar\Cpp Projects\SpookyMatch\src\Game\Game.h(50,9): warning C4150: deletion of pointer to incomplete type 'Text'; no destructor called
  (compiling source file 'src/Entities/UI/Button.cpp')
      C:\Users\Griffin G. Salazar\Cpp Projects\SpookyMatch\src\Engine\Graphics\Renderer.h(8,7):
      see declaration of 'Text'
  
C:\Users\Griffin G. Salazar\Cpp Projects\SpookyMatch\src\Game\Game.h(51,9): warning C4150: deletion of pointer to incomplete type 'Text'; no destructor called
  (compiling source file 'src/Entities/UI/Button.cpp')
      C:\Users\Griffin G. Salazar\Cpp Projects\SpookyMatch\src\Engine\Graphics\Renderer.h(8,7):
      see declaration of 'Text'
  
C:\Users\Griffin G. Salazar\Cpp Projects\SpookyMatch\src\Engine\Graphics\Text.h(58,55): warning C4834: discarding return value of function with [[nodiscard]] attribute
  (compiling source file 'src/Entities/UI/Button.cpp')
  
C:\Users\Griffin G. Salazar\Cpp Projects\SpookyMatch\src\Engine\Graphics\Text.h(86,59): warning C4244: '=': conversion from 'double' to 'float', possible loss of data
  (compiling source file 'src/Entities/UI/Button.cpp')
  
C:\Users\Griffin G. Salazar\Cpp Projects\SpookyMatch\src\Engine\Graphics\Text.h(87,52): warning C4244: 'return': conversion from 'double' to 'float', possible loss of data
  (compiling source file 'src/Entities/UI/Button.cpp')
  
C:\Users\Griffin G. Salazar\Cpp Projects\SpookyMatch\src\Game\Menu.h(14,40): warning C4150: deletion of pointer to incomplete type 'UI'; no destructor called
  (compiling source file 'src/Entities/UI/Button.cpp')
      C:\Users\Griffin G. Salazar\Cpp Projects\SpookyMatch\src\Game\Game.h(13,7):
      see declaration of 'UI'
  
  Picker.cpp
C:\Users\Griffin G. Salazar\Cpp Projects\SpookyMatch\src\Engine\Math\Geometry.h(23,43): warning C4244: 'return': conversion from 'double' to 'float', possible loss of data
  (compiling source file 'src/Entities/UI/Picker.cpp')
  
C:\Users\Griffin G. Salazar\Cpp Projects\SpookyMatch\src\Engine\Math\Geometry.h(35,43): warning C4244: 'return': conversion from 'double' to 'float', possible loss of data
  (compiling source file 'src/Entities/UI/Picker.cpp')
  
C:\Users\Griffin G. Salazar\Cpp Projects\SpookyMatch\src\Engine\Math\Geometry.h(36,45): warning C4244: 'return': conversion from 'double' to 'float', possible loss of data
  (compiling source file 'src/Entities/UI/Picker.cpp')
  
C:\Users\Griffin G. Salazar\Cpp Projects\SpookyMatch\src\Engine\Math\Geometry.h(47,124): warning C4244: 'return': conversion from 'double' to 'float', possible loss of data
  (compiling source file 'src/Entities/UI/Picker.cpp')
  
C:\Users\Griffin G. Salazar\Cpp Projects\SpookyMatch\src\Engine\Math\Geometry.h(60,39): warning C4244: 'return': conversion from 'int' to 'float', possible loss of data
  (compiling source file 'src/Entities/UI/Picker.cpp')
  
C:\Users\Griffin G. Salazar\Cpp Projects\SpookyMatch\src\Engine\Graphics\Camera.h(14,67): warning C4244: '=': conversion from 'float' to 'int', possible loss of data
  (compiling source file 'src/Entities/UI/Picker.cpp')
  
C:\Users\Griffin G. Salazar\Cpp Projects\SpookyMatch\src\Engine\Graphics\Camera.h(14,110): warning C4244: '=': conversion from 'float' to 'int', possible loss of data
  (compiling source file 'src/Entities/UI/Picker.cpp')
  
C:\Users\Griffin G. Salazar\Cpp Projects\SpookyMatch\src\Engine\Graphics\Font.h(11,37): warning C4244: 'argument': conversion from 'uint' to 'float', possible loss of data
  (compiling source file 'src/Entities/UI/Picker.cpp')
  
C:\Users\Griffin G. Salazar\Cpp Projects\SpookyMatch\src\Engine\Graphics\Font.h(15,38): warning C4244: 'argument': conversion from 'uint' to 'float', possible loss of data
  (compiling source file 'src/Entities/UI/Picker.cpp')
  
C:\Users\Griffin G. Salazar\Cpp Projects\SpookyMatch\src\Engine\Graphics\Sprite.h(50,56): warning C4834: discarding return value of function with [[nodiscard]] attribute
  (compiling source file 'src/Entities/UI/Picker.cpp')
  
C:\Users\Griffin G. Salazar\Cpp Projects\SpookyMatch\src\Engine\Graphics\Sprite.h(64,59): warning C4244: '=': conversion from 'double' to 'float', possible loss of data
  (compiling source file 'src/Entities/UI/Picker.cpp')
  
C:\Users\Griffin G. Salazar\Cpp Projects\SpookyMatch\src\Engine\Graphics\Sprite.h(65,52): warning C4244: 'return': conversion from 'double' to 'float', possible loss of data
  (compiling source file 'src/Entities/UI/Picker.cpp')
  
C:\Users\Griffin G. Salazar\Cpp Projects\SpookyMatch\src\Game\Game.h(39,34): warning C4150: deletion of pointer to incomplete type 'Entity'; no destructor called
  (compiling source file 'src/Entities/UI/Picker.cpp')
      C:\Users\Griffin G. Salazar\Cpp Projects\SpookyMatch\src\Game\Game.h(11,7):
      see declaration of 'Entity'
  
C:\Users\Griffin G. Salazar\Cpp Projects\SpookyMatch\src\Game\Game.h(42,31): warning C4150: deletion of pointer to incomplete type 'Icon'; no destructor called
  (compiling source file 'src/Entities/UI/Picker.cpp')
      C:\Users\Griffin G. Salazar\Cpp Projects\SpookyMatch\src\Game\Game.h(12,7):
      see declaration of 'Icon'
  
C:\Users\Griffin G. Salazar\Cpp Projects\SpookyMatch\src\Game\Game.h(45,31): warning C4150: deletion of pointer to incomplete type 'Menu'; no destructor called
  (compiling source file 'src/Entities/UI/Picker.cpp')
      C:\Users\Griffin G. Salazar\Cpp Projects\SpookyMatch\src\Game\Game.h(10,7):
      see declaration of 'Menu'
  
C:\Users\Griffin G. Salazar\Cpp Projects\SpookyMatch\src\Game\Game.h(48,9): warning C4150: deletion of pointer to incomplete type 'Text'; no destructor called
  (compiling source file 'src/Entities/UI/Picker.cpp')
      C:\Users\Griffin G. Salazar\Cpp Projects\SpookyMatch\src\Engine\Graphics\Renderer.h(8,7):
      see declaration of 'Text'
  
C:\Users\Griffin G. Salazar\Cpp Projects\SpookyMatch\src\Game\Game.h(49,9): warning C4150: deletion of pointer to incomplete type 'Text'; no destructor called
  (compiling source file 'src/Entities/UI/Picker.cpp')
      C:\Users\Griffin G. Salazar\Cpp Projects\SpookyMatch\src\Engine\Graphics\Renderer.h(8,7):
      see declaration of 'Text'
  
C:\Users\Griffin G. Salazar\Cpp Projects\SpookyMatch\src\Game\Game.h(50,9): warning C4150: deletion of pointer to incomplete type 'Text'; no destructor called
  (compiling source file 'src/Entities/UI/Picker.cpp')
      C:\Users\Griffin G. Salazar\Cpp Projects\SpookyMatch\src\Engine\Graphics\Renderer.h(8,7):
      see declaration of 'Text'
  
C:\Users\Griffin G. Salazar\Cpp Projects\SpookyMatch\src\Game\Game.h(51,9): warning C4150: deletion of pointer to incomplete type 'Text'; no destructor called
  (compiling source file 'src/Entities/UI/Picker.cpp')
      C:\Users\Griffin G. Salazar\Cpp Projects\SpookyMatch\src\Engine\Graphics\Renderer.h(8,7):
      see declaration of 'Text'
  
C:\Users\Griffin G. Salazar\Cpp Projects\SpookyMatch\src\Engine\Graphics\Text.h(58,55): warning C4834: discarding return value of function with [[nodiscard]] attribute
  (compiling source file 'src/Entities/UI/Picker.cpp')
  
C:\Users\Griffin G. Salazar\Cpp Projects\SpookyMatch\src\Engine\Graphics\Text.h(86,59): warning C4244: '=': conversion from 'double' to 'float', possible loss of data
  (compiling source file 'src/Entities/UI/Picker.cpp')
  
C:\Users\Griffin G. Salazar\Cpp Projects\SpookyMatch\src\Engine\Graphics\Text.h(87,52): warning C4244: 'return': conversion from 'double' to 'float', possible loss of data
  (compiling source file 'src/Entities/UI/Picker.cpp')
  
C:\Users\Griffin G. Salazar\Cpp Projects\SpookyMatch\src\Game\Menu.h(14,40): warning C4150: deletion of pointer to incomplete type 'UI'; no destructor called
  (compiling source file 'src/Entities/UI/Picker.cpp')
      C:\Users\Griffin G. Salazar\Cpp Projects\SpookyMatch\src\Game\Game.h(13,7):
      see declaration of 'UI'
  
C:\Users\Griffin G. Salazar\Cpp Projects\SpookyMatch\src\Entities\UI\Picker.cpp(10,23): warning C4244: '=': conversion from 'double' to 'int', possible loss of data
C:\Users\Griffin G. Salazar\Cpp Projects\SpookyMatch\src\Entities\UI\Picker.cpp(11,23): warning C4244: '=': conversion from 'double' to 'int', possible loss of data
C:\Users\Griffin G. Salazar\Cpp Projects\SpookyMatch\src\Entities\UI\Picker.cpp(12,23): warning C4244: '=': conversion from 'double' to 'int', possible loss of data
C:\Users\Griffin G. Salazar\Cpp Projects\SpookyMatch\src\Entities\UI\Picker.cpp(13,23): warning C4244: '=': conversion from 'double' to 'int', possible loss of data
C:\Users\Griffin G. Salazar\Cpp Projects\SpookyMatch\src\Entities\UI\Picker.cpp(16,23): warning C4244: '=': conversion from 'double' to 'int', possible loss of data
C:\Users\Griffin G. Salazar\Cpp Projects\SpookyMatch\src\Entities\UI\Picker.cpp(17,23): warning C4244: '=': conversion from 'double' to 'int', possible loss of data
C:\Users\Griffin G. Salazar\Cpp Projects\SpookyMatch\src\Entities\UI\Picker.cpp(18,23): warning C4244: '=': conversion from 'double' to 'int', possible loss of data
C:\Users\Griffin G. Salazar\Cpp Projects\SpookyMatch\src\Entities\UI\Picker.cpp(19,23): warning C4244: '=': conversion from 'double' to 'int', possible loss of data
C:\Users\Griffin G. Salazar\Cpp Projects\SpookyMatch\src\Entities\UI\Picker.cpp(88,23): warning C4244: '=': conversion from 'double' to 'int', possible loss of data
C:\Users\Griffin G. Salazar\Cpp Projects\SpookyMatch\src\Entities\UI\Picker.cpp(89,23): warning C4244: '=': conversion from 'double' to 'int', possible loss of data
C:\Users\Griffin G. Salazar\Cpp Projects\SpookyMatch\src\Entities\UI\Picker.cpp(91,23): warning C4244: '=': conversion from 'double' to 'int', possible loss of data
C:\Users\Griffin G. Salazar\Cpp Projects\SpookyMatch\src\Entities\UI\Picker.cpp(109,35): warning C4244: '=': conversion from 'const _Ty' to 'uint', possible loss of data
C:\Users\Griffin G. Salazar\Cpp Projects\SpookyMatch\src\Entities\UI\Picker.cpp(109,35): warning C4244:         with
C:\Users\Griffin G. Salazar\Cpp Projects\SpookyMatch\src\Entities\UI\Picker.cpp(109,35): warning C4244:         [
C:\Users\Griffin G. Salazar\Cpp Projects\SpookyMatch\src\Entities\UI\Picker.cpp(109,35): warning C4244:             _Ty=double
C:\Users\Griffin G. Salazar\Cpp Projects\SpookyMatch\src\Entities\UI\Picker.cpp(109,35): warning C4244:         ]
C:\Users\Griffin G. Salazar\Cpp Projects\SpookyMatch\src\Entities\UI\Picker.cpp(148,30): warning C4018: '>': signed/unsigned mismatch
  UI.cpp
C:\Users\Griffin G. Salazar\Cpp Projects\SpookyMatch\src\Engine\Math\Geometry.h(23,43): warning C4244: 'return': conversion from 'double' to 'float', possible loss of data
  (compiling source file 'src/Entities/UI/UI.cpp')
  
C:\Users\Griffin G. Salazar\Cpp Projects\SpookyMatch\src\Engine\Math\Geometry.h(35,43): warning C4244: 'return': conversion from 'double' to 'float', possible loss of data
  (compiling source file 'src/Entities/UI/UI.cpp')
  
C:\Users\Griffin G. Salazar\Cpp Projects\SpookyMatch\src\Engine\Math\Geometry.h(36,45): warning C4244: 'return': conversion from 'double' to 'float', possible loss of data
  (compiling source file 'src/Entities/UI/UI.cpp')
  
C:\Users\Griffin G. Salazar\Cpp Projects\SpookyMatch\src\Engine\Math\Geometry.h(47,124): warning C4244: 'return': conversion from 'double' to 'float', possible loss of data
  (compiling source file 'src/Entities/UI/UI.cpp')
  
C:\Users\Griffin G. Salazar\Cpp Projects\SpookyMatch\src\Engine\Math\Geometry.h(60,39): warning C4244: 'return': conversion from 'int' to 'float', possible loss of data
  (compiling source file 'src/Entities/UI/UI.cpp')
  
C:\Users\Griffin G. Salazar\Cpp Projects\SpookyMatch\src\Engine\Graphics\Camera.h(14,67): warning C4244: '=': conversion from 'float' to 'int', possible loss of data
  (compiling source file 'src/Entities/UI/UI.cpp')
  
C:\Users\Griffin G. Salazar\Cpp Projects\SpookyMatch\src\Engine\Graphics\Camera.h(14,110): warning C4244: '=': conversion from 'float' to 'int', possible loss of data
  (compiling source file 'src/Entities/UI/UI.cpp')
  
C:\Users\Griffin G. Salazar\Cpp Projects\SpookyMatch\src\Engine\Graphics\Font.h(11,37): warning C4244: 'argument': conversion from 'uint' to 'float', possible loss of data
  (compiling source file 'src/Entities/UI/UI.cpp')
  
C:\Users\Griffin G. Salazar\Cpp Projects\SpookyMatch\src\Engine\Graphics\Font.h(15,38): warning C4244: 'argument': conversion from 'uint' to 'float', possible loss of data
  (compiling source file 'src/Entities/UI/UI.cpp')
  
C:\Users\Griffin G. Salazar\Cpp Projects\SpookyMatch\src\Engine\Graphics\Sprite.h(50,56): warning C4834: discarding return value of function with [[nodiscard]] attribute
  (compiling source file 'src/Entities/UI/UI.cpp')
  
C:\Users\Griffin G. Salazar\Cpp Projects\SpookyMatch\src\Engine\Graphics\Sprite.h(64,59): warning C4244: '=': conversion from 'double' to 'float', possible loss of data
  (compiling source file 'src/Entities/UI/UI.cpp')
  
C:\Users\Griffin G. Salazar\Cpp Projects\SpookyMatch\src\Engine\Graphics\Sprite.h(65,52): warning C4244: 'return': conversion from 'double' to 'float', possible loss of data
  (compiling source file 'src/Entities/UI/UI.cpp')
  
C:\Users\Griffin G. Salazar\Cpp Projects\SpookyMatch\src\Game\Game.h(39,34): warning C4150: deletion of pointer to incomplete type 'Entity'; no destructor called
  (compiling source file 'src/Entities/UI/UI.cpp')
      C:\Users\Griffin G. Salazar\Cpp Projects\SpookyMatch\src\Game\Game.h(11,7):
      see declaration of 'Entity'
  
C:\Users\Griffin G. Salazar\Cpp Projects\SpookyMatch\src\Game\Game.h(42,31): warning C4150: deletion of pointer to incomplete type 'Icon'; no destructor called
  (compiling source file 'src/Entities/UI/UI.cpp')
      C:\Users\Griffin G. Salazar\Cpp Projects\SpookyMatch\src\Game\Game.h(12,7):
      see declaration of 'Icon'
  
C:\Users\Griffin G. Salazar\Cpp Projects\SpookyMatch\src\Game\Game.h(45,31): warning C4150: deletion of pointer to incomplete type 'Menu'; no destructor called
  (compiling source file 'src/Entities/UI/UI.cpp')
      C:\Users\Griffin G. Salazar\Cpp Projects\SpookyMatch\src\Game\Game.h(10,7):
      see declaration of 'Menu'
  
C:\Users\Griffin G. Salazar\Cpp Projects\SpookyMatch\src\Game\Game.h(48,9): warning C4150: deletion of pointer to incomplete type 'Text'; no destructor called
  (compiling source file 'src/Entities/UI/UI.cpp')
      C:\Users\Griffin G. Salazar\Cpp Projects\SpookyMatch\src\Engine\Graphics\Renderer.h(8,7):
      see declaration of 'Text'
  
C:\Users\Griffin G. Salazar\Cpp Projects\SpookyMatch\src\Game\Game.h(49,9): warning C4150: deletion of pointer to incomplete type 'Text'; no destructor called
  (compiling source file 'src/Entities/UI/UI.cpp')
      C:\Users\Griffin G. Salazar\Cpp Projects\SpookyMatch\src\Engine\Graphics\Renderer.h(8,7):
      see declaration of 'Text'
  
C:\Users\Griffin G. Salazar\Cpp Projects\SpookyMatch\src\Game\Game.h(50,9): warning C4150: deletion of pointer to incomplete type 'Text'; no destructor called
  (compiling source file 'src/Entities/UI/UI.cpp')
      C:\Users\Griffin G. Salazar\Cpp Projects\SpookyMatch\src\Engine\Graphics\Renderer.h(8,7):
      see declaration of 'Text'
  
C:\Users\Griffin G. Salazar\Cpp Projects\SpookyMatch\src\Game\Game.h(51,9): warning C4150: deletion of pointer to incomplete type 'Text'; no destructor called
  (compiling source file 'src/Entities/UI/UI.cpp')
      C:\Users\Griffin G. Salazar\Cpp Projects\SpookyMatch\src\Engine\Graphics\Renderer.h(8,7):
      see declaration of 'Text'
  
C:\Users\Griffin G. Salazar\Cpp Projects\SpookyMatch\src\Engine\Graphics\Text.h(58,55): warning C4834: discarding return value of function with [[nodiscard]] attribute
  (compiling source file 'src/Entities/UI/UI.cpp')
  
C:\Users\Griffin G. Salazar\Cpp Projects\SpookyMatch\src\Engine\Graphics\Text.h(86,59): warning C4244: '=': conversion from 'double' to 'float', possible loss of data
  (compiling source file 'src/Entities/UI/UI.cpp')
  
C:\Users\Griffin G. Salazar\Cpp Projects\SpookyMatch\src\Engine\Graphics\Text.h(87,52): warning C4244: 'return': conversion from 'double' to 'float', possible loss of data
  (compiling source file 'src/Entities/UI/UI.cpp')
  
C:\Users\Griffin G. Salazar\Cpp Projects\SpookyMatch\src\Game\Menu.h(14,40): warning C4150: deletion of pointer to incomplete type 'UI'; no destructor called
  (compiling source file 'src/Entities/UI/UI.cpp')
      C:\Users\Griffin G. Salazar\Cpp Projects\SpookyMatch\src\Game\Game.h(13,7):
      see declaration of 'UI'
  
  Engine.cpp
C:\Users\Griffin G. Salazar\Cpp Projects\SpookyMatch\src\Engine\Math\Geometry.h(23,43): warning C4244: 'return': conversion from 'double' to 'float', possible loss of data
  (compiling source file 'src/Engine/Engine.cpp')
  
C:\Users\Griffin G. Salazar\Cpp Projects\SpookyMatch\src\Engine\Math\Geometry.h(35,43): warning C4244: 'return': conversion from 'double' to 'float', possible loss of data
  (compiling source file 'src/Engine/Engine.cpp')
  
C:\Users\Griffin G. Salazar\Cpp Projects\SpookyMatch\src\Engine\Math\Geometry.h(36,45): warning C4244: 'return': conversion from 'double' to 'float', possible loss of data
  (compiling source file 'src/Engine/Engine.cpp')
  
C:\Users\Griffin G. Salazar\Cpp Projects\SpookyMatch\src\Engine\Math\Geometry.h(47,124): warning C4244: 'return': conversion from 'double' to 'float', possible loss of data
  (compiling source file 'src/Engine/Engine.cpp')
  
C:\Users\Griffin G. Salazar\Cpp Projects\SpookyMatch\src\Engine\Math\Geometry.h(60,39): warning C4244: 'return': conversion from 'int' to 'float', possible loss of data
  (compiling source file 'src/Engine/Engine.cpp')
  
C:\Users\Griffin G. Salazar\Cpp Projects\SpookyMatch\src\Engine\Graphics\Camera.h(14,67): warning C4244: '=': conversion from 'float' to 'int', possible loss of data
  (compiling source file 'src/Engine/Engine.cpp')
  
C:\Users\Griffin G. Salazar\Cpp Projects\SpookyMatch\src\Engine\Graphics\Camera.h(14,110): warning C4244: '=': conversion from 'float' to 'int', possible loss of data
  (compiling source file 'src/Engine/Engine.cpp')
  
C:\Users\Griffin G. Salazar\Cpp Projects\SpookyMatch\src\Engine\Graphics\Font.h(11,37): warning C4244: 'argument': conversion from 'uint' to 'float', possible loss of data
  (compiling source file 'src/Engine/Engine.cpp')
  
C:\Users\Griffin G. Salazar\Cpp Projects\SpookyMatch\src\Engine\Graphics\Font.h(15,38): warning C4244: 'argument': conversion from 'uint' to 'float', possible loss of data
  (compiling source file 'src/Engine/Engine.cpp')
  
C:\Users\Griffin G. Salazar\Cpp Projects\SpookyMatch\src\Engine\Graphics\Sprite.h(50,56): warning C4834: discarding return value of function with [[nodiscard]] attribute
  (compiling source file 'src/Engine/Engine.cpp')
  
C:\Users\Griffin G. Salazar\Cpp Projects\SpookyMatch\src\Engine\Graphics\Sprite.h(64,59): warning C4244: '=': conversion from 'double' to 'float', possible loss of data
  (compiling source file 'src/Engine/Engine.cpp')
  
C:\Users\Griffin G. Salazar\Cpp Projects\SpookyMatch\src\Engine\Graphics\Sprite.h(65,52): warning C4244: 'return': conversion from 'double' to 'float', possible loss of data
  (compiling source file 'src/Engine/Engine.cpp')
  
C:\Users\Griffin G. Salazar\Cpp Projects\SpookyMatch\src\Game\Game.h(39,34): warning C4150: deletion of pointer to incomplete type 'Entity'; no destructor called
  (compiling source file 'src/Engine/Engine.cpp')
      C:\Users\Griffin G. Salazar\Cpp Projects\SpookyMatch\src\Game\Game.h(11,7):
      see declaration of 'Entity'
  
C:\Users\Griffin G. Salazar\Cpp Projects\SpookyMatch\src\Game\Game.h(42,31): warning C4150: deletion of pointer to incomplete type 'Icon'; no destructor called
  (compiling source file 'src/Engine/Engine.cpp')
      C:\Users\Griffin G. Salazar\Cpp Projects\SpookyMatch\src\Game\Game.h(12,7):
      see declaration of 'Icon'
  
C:\Users\Griffin G. Salazar\Cpp Projects\SpookyMatch\src\Game\Game.h(45,31): warning C4150: deletion of pointer to incomplete type 'Menu'; no destructor called
  (compiling source file 'src/Engine/Engine.cpp')
      C:\Users\Griffin G. Salazar\Cpp Projects\SpookyMatch\src\Game\Game.h(10,7):
      see declaration of 'Menu'
  
C:\Users\Griffin G. Salazar\Cpp Projects\SpookyMatch\src\Game\Game.h(48,9): warning C4150: deletion of pointer to incomplete type 'Text'; no destructor called
  (compiling source file 'src/Engine/Engine.cpp')
      C:\Users\Griffin G. Salazar\Cpp Projects\SpookyMatch\src\Engine\Graphics\Renderer.h(8,7):
      see declaration of 'Text'
  
C:\Users\Griffin G. Salazar\Cpp Projects\SpookyMatch\src\Game\Game.h(49,9): warning C4150: deletion of pointer to incomplete type 'Text'; no destructor called
  (compiling source file 'src/Engine/Engine.cpp')
      C:\Users\Griffin G. Salazar\Cpp Projects\SpookyMatch\src\Engine\Graphics\Renderer.h(8,7):
      see declaration of 'Text'
  
C:\Users\Griffin G. Salazar\Cpp Projects\SpookyMatch\src\Game\Game.h(50,9): warning C4150: deletion of pointer to incomplete type 'Text'; no destructor called
  (compiling source file 'src/Engine/Engine.cpp')
      C:\Users\Griffin G. Salazar\Cpp Projects\SpookyMatch\src\Engine\Graphics\Renderer.h(8,7):
      see declaration of 'Text'
  
C:\Users\Griffin G. Salazar\Cpp Projects\SpookyMatch\src\Game\Game.h(51,9): warning C4150: deletion of pointer to incomplete type 'Text'; no destructor called
  (compiling source file 'src/Engine/Engine.cpp')
      C:\Users\Griffin G. Salazar\Cpp Projects\SpookyMatch\src\Engine\Graphics\Renderer.h(8,7):
      see declaration of 'Text'
  
C:\Users\Griffin G. Salazar\Cpp Projects\SpookyMatch\src\Engine\Graphics\Text.h(58,55): warning C4834: discarding return value of function with [[nodiscard]] attribute
  (compiling source file 'src/Engine/Engine.cpp')
  
C:\Users\Griffin G. Salazar\Cpp Projects\SpookyMatch\src\Engine\Graphics\Text.h(86,59): warning C4244: '=': conversion from 'double' to 'float', possible loss of data
  (compiling source file 'src/Engine/Engine.cpp')
  
C:\Users\Griffin G. Salazar\Cpp Projects\SpookyMatch\src\Engine\Graphics\Text.h(87,52): warning C4244: 'return': conversion from 'double' to 'float', possible loss of data
  (compiling source file 'src/Engine/Engine.cpp')
  
  Menu.cpp
C:\Users\Griffin G. Salazar\Cpp Projects\SpookyMatch\src\Engine\Math\Geometry.h(23,43): warning C4244: 'return': conversion from 'double' to 'float', possible loss of data
  (compiling source file 'src/Game/Menu.cpp')
  
C:\Users\Griffin G. Salazar\Cpp Projects\SpookyMatch\src\Engine\Math\Geometry.h(35,43): warning C4244: 'return': conversion from 'double' to 'float', possible loss of data
  (compiling source file 'src/Game/Menu.cpp')
  
C:\Users\Griffin G. Salazar\Cpp Projects\SpookyMatch\src\Engine\Math\Geometry.h(36,45): warning C4244: 'return': conversion from 'double' to 'float', possible loss of data
  (compiling source file 'src/Game/Menu.cpp')
  
C:\Users\Griffin G. Salazar\Cpp Projects\SpookyMatch\src\Engine\Math\Geometry.h(47,124): warning C4244: 'return': conversion from 'double' to 'float', possible loss of data
  (compiling source file 'src/Game/Menu.cpp')
  
C:\Users\Griffin G. Salazar\Cpp Projects\SpookyMatch\src\Engine\Math\Geometry.h(60,39): warning C4244: 'return': conversion from 'int' to 'float', possible loss of data
  (compiling source file 'src/Game/Menu.cpp')
  
C:\Users\Griffin G. Salazar\Cpp Projects\SpookyMatch\src\Engine\Graphics\Camera.h(14,67): warning C4244: '=': conversion from 'float' to 'int', possible loss of data
  (compiling source file 'src/Game/Menu.cpp')
  
C:\Users\Griffin G. Salazar\Cpp Projects\SpookyMatch\src\Engine\Graphics\Camera.h(14,110): warning C4244: '=': conversion from 'float' to 'int', possible loss of data
  (compiling source file 'src/Game/Menu.cpp')
  
C:\Users\Griffin G. Salazar\Cpp Projects\SpookyMatch\src\Engine\Graphics\Font.h(11,37): warning C4244: 'argument': conversion from 'uint' to 'float', possible loss of data
  (compiling source file 'src/Game/Menu.cpp')
  
C:\Users\Griffin G. Salazar\Cpp Projects\SpookyMatch\src\Engine\Graphics\Font.h(15,38): warning C4244: 'argument': conversion from 'uint' to 'float', possible loss of data
  (compiling source file 'src/Game/Menu.cpp')
  
C:\Users\Griffin G. Salazar\Cpp Projects\SpookyMatch\src\Engine\Graphics\Sprite.h(50,56): warning C4834: discarding return value of function with [[nodiscard]] attribute
  (compiling source file 'src/Game/Menu.cpp')
  
C:\Users\Griffin G. Salazar\Cpp Projects\SpookyMatch\src\Engine\Graphics\Sprite.h(64,59): warning C4244: '=': conversion from 'double' to 'float', possible loss of data
  (compiling source file 'src/Game/Menu.cpp')
  
C:\Users\Griffin G. Salazar\Cpp Projects\SpookyMatch\src\Engine\Graphics\Sprite.h(65,52): warning C4244: 'return': conversion from 'double' to 'float', possible loss of data
  (compiling source file 'src/Game/Menu.cpp')
  
C:\Users\Griffin G. Salazar\Cpp Projects\SpookyMatch\src\Game\Game.h(39,34): warning C4150: deletion of pointer to incomplete type 'Entity'; no destructor called
  (compiling source file 'src/Game/Menu.cpp')
      C:\Users\Griffin G. Salazar\Cpp Projects\SpookyMatch\src\Game\Game.h(11,7):
      see declaration of 'Entity'
  
C:\Users\Griffin G. Salazar\Cpp Projects\SpookyMatch\src\Game\Game.h(42,31): warning C4150: deletion of pointer to incomplete type 'Icon'; no destructor called
  (compiling source file 'src/Game/Menu.cpp')
      C:\Users\Griffin G. Salazar\Cpp Projects\SpookyMatch\src\Game\Game.h(12,7):
      see declaration of 'Icon'
  
C:\Users\Griffin G. Salazar\Cpp Projects\SpookyMatch\src\Game\Game.h(45,31): warning C4150: deletion of pointer to incomplete type 'Menu'; no destructor called
  (compiling source file 'src/Game/Menu.cpp')
      C:\Users\Griffin G. Salazar\Cpp Projects\SpookyMatch\src\Game\Game.h(10,7):
      see declaration of 'Menu'
  
C:\Users\Griffin G. Salazar\Cpp Projects\SpookyMatch\src\Game\Game.h(48,9): warning C4150: deletion of pointer to incomplete type 'Text'; no destructor called
  (compiling source file 'src/Game/Menu.cpp')
      C:\Users\Griffin G. Salazar\Cpp Projects\SpookyMatch\src\Engine\Graphics\Renderer.h(8,7):
      see declaration of 'Text'
  
C:\Users\Griffin G. Salazar\Cpp Projects\SpookyMatch\src\Game\Game.h(49,9): warning C4150: deletion of pointer to incomplete type 'Text'; no destructor called
  (compiling source file 'src/Game/Menu.cpp')
      C:\Users\Griffin G. Salazar\Cpp Projects\SpookyMatch\src\Engine\Graphics\Renderer.h(8,7):
      see declaration of 'Text'
  
C:\Users\Griffin G. Salazar\Cpp Projects\SpookyMatch\src\Game\Game.h(50,9): warning C4150: deletion of pointer to incomplete type 'Text'; no destructor called
  (compiling source file 'src/Game/Menu.cpp')
      C:\Users\Griffin G. Salazar\Cpp Projects\SpookyMatch\src\Engine\Graphics\Renderer.h(8,7):
      see declaration of 'Text'
  
C:\Users\Griffin G. Salazar\Cpp Projects\SpookyMatch\src\Game\Game.h(51,9): warning C4150: deletion of pointer to incomplete type 'Text'; no destructor called
  (compiling source file 'src/Game/Menu.cpp')
      C:\Users\Griffin G. Salazar\Cpp Projects\SpookyMatch\src\Engine\Graphics\Renderer.h(8,7):
      see declaration of 'Text'
  
C:\Users\Griffin G. Salazar\Cpp Projects\SpookyMatch\src\Engine\Graphics\Text.h(58,55): warning C4834: discarding return value of function with [[nodiscard]] attribute
  (compiling source file 'src/Game/Menu.cpp')
  
C:\Users\Griffin G. Salazar\Cpp Projects\SpookyMatch\src\Engine\Graphics\Text.h(86,59): warning C4244: '=': conversion from 'double' to 'float', possible loss of data
  (compiling source file 'src/Game/Menu.cpp')
  
C:\Users\Griffin G. Salazar\Cpp Projects\SpookyMatch\src\Engine\Graphics\Text.h(87,52): warning C4244: 'return': conversion from 'double' to 'float', possible loss of data
  (compiling source file 'src/Game/Menu.cpp')
  
C:\Users\Griffin G. Salazar\Cpp Projects\SpookyMatch\src\Game\Menu.h(14,40): warning C4150: deletion of pointer to incomplete type 'UI'; no destructor called
  (compiling source file 'src/Game/Menu.cpp')
      C:\Users\Griffin G. Salazar\Cpp Projects\SpookyMatch\src\Game\Game.h(13,7):
      see declaration of 'UI'
  
C:\Users\Griffin G. Salazar\Cpp Projects\SpookyMatch\src\Game\Menu.cpp(27,31): warning C4244: '=': conversion from 'float' to 'int', possible loss of data
C:\Users\Griffin G. Salazar\Cpp Projects\SpookyMatch\src\Game\Menu.cpp(47,49): warning C4244: '=': conversion from 'float' to 'T', possible loss of data
C:\Users\Griffin G. Salazar\Cpp Projects\SpookyMatch\src\Game\Menu.cpp(47,49): warning C4244:         with
C:\Users\Griffin G. Salazar\Cpp Projects\SpookyMatch\src\Game\Menu.cpp(47,49): warning C4244:         [
C:\Users\Griffin G. Salazar\Cpp Projects\SpookyMatch\src\Game\Menu.cpp(47,49): warning C4244:             T=int
C:\Users\Griffin G. Salazar\Cpp Projects\SpookyMatch\src\Game\Menu.cpp(47,49): warning C4244:         ]
C:\Users\Griffin G. Salazar\Cpp Projects\SpookyMatch\src\Game\Menu.cpp(53,49): warning C4244: '=': conversion from 'float' to 'T', possible loss of data
C:\Users\Griffin G. Salazar\Cpp Projects\SpookyMatch\src\Game\Menu.cpp(53,49): warning C4244:         with
C:\Users\Griffin G. Salazar\Cpp Projects\SpookyMatch\src\Game\Menu.cpp(53,49): warning C4244:         [
C:\Users\Griffin G. Salazar\Cpp Projects\SpookyMatch\src\Game\Menu.cpp(53,49): warning C4244:             T=int
C:\Users\Griffin G. Salazar\Cpp Projects\SpookyMatch\src\Game\Menu.cpp(53,49): warning C4244:         ]
C:\Users\Griffin G. Salazar\Cpp Projects\SpookyMatch\src\Game\Menu.cpp(78,31): warning C4244: '=': conversion from 'float' to 'int', possible loss of data
C:\Users\Griffin G. Salazar\Cpp Projects\SpookyMatch\src\Game\Menu.cpp(96,31): warning C4244: '=': conversion from 'float' to 'int', possible loss of data
  Game.cpp
C:\Users\Griffin G. Salazar\Cpp Projects\SpookyMatch\src\Engine\Math\Geometry.h(23,43): warning C4244: 'return': conversion from 'double' to 'float', possible loss of data
  (compiling source file 'src/Game/Game.cpp')
  
C:\Users\Griffin G. Salazar\Cpp Projects\SpookyMatch\src\Engine\Math\Geometry.h(35,43): warning C4244: 'return': conversion from 'double' to 'float', possible loss of data
  (compiling source file 'src/Game/Game.cpp')
  
C:\Users\Griffin G. Salazar\Cpp Projects\SpookyMatch\src\Engine\Math\Geometry.h(36,45): warning C4244: 'return': conversion from 'double' to 'float', possible loss of data
  (compiling source file 'src/Game/Game.cpp')
  
C:\Users\Griffin G. Salazar\Cpp Projects\SpookyMatch\src\Engine\Math\Geometry.h(47,124): warning C4244: 'return': conversion from 'double' to 'float', possible loss of data
  (compiling source file 'src/Game/Game.cpp')
  
C:\Users\Griffin G. Salazar\Cpp Projects\SpookyMatch\src\Engine\Math\Geometry.h(60,39): warning C4244: 'return': conversion from 'int' to 'float', possible loss of data
  (compiling source file 'src/Game/Game.cpp')
  
C:\Users\Griffin G. Salazar\Cpp Projects\SpookyMatch\src\Game\Game.h(39,34): warning C4150: deletion of pointer to incomplete type 'Entity'; no destructor called
  (compiling source file 'src/Game/Game.cpp')
      C:\Users\Griffin G. Salazar\Cpp Projects\SpookyMatch\src\Game\Game.h(11,7):
      see declaration of 'Entity'
  
C:\Users\Griffin G. Salazar\Cpp Projects\SpookyMatch\src\Game\Game.h(42,31): warning C4150: deletion of pointer to incomplete type 'Icon'; no destructor called
  (compiling source file 'src/Game/Game.cpp')
      C:\Users\Griffin G. Salazar\Cpp Projects\SpookyMatch\src\Game\Game.h(12,7):
      see declaration of 'Icon'
  
C:\Users\Griffin G. Salazar\Cpp Projects\SpookyMatch\src\Game\Game.h(45,31): warning C4150: deletion of pointer to incomplete type 'Menu'; no destructor called
  (compiling source file 'src/Game/Game.cpp')
      C:\Users\Griffin G. Salazar\Cpp Projects\SpookyMatch\src\Game\Game.h(10,7):
      see declaration of 'Menu'
  
C:\Users\Griffin G. Salazar\Cpp Projects\SpookyMatch\src\Game\Game.h(48,9): warning C4150: deletion of pointer to incomplete type 'Text'; no destructor called
  (compiling source file 'src/Game/Game.cpp')
      C:\Users\Griffin G. Salazar\Cpp Projects\SpookyMatch\src\Game\Game.h(14,7):
      see declaration of 'Text'
  
C:\Users\Griffin G. Salazar\Cpp Projects\SpookyMatch\src\Game\Game.h(49,9): warning C4150: deletion of pointer to incomplete type 'Text'; no destructor called
  (compiling source file 'src/Game/Game.cpp')
      C:\Users\Griffin G. Salazar\Cpp Projects\SpookyMatch\src\Game\Game.h(14,7):
      see declaration of 'Text'
  
C:\Users\Griffin G. Salazar\Cpp Projects\SpookyMatch\src\Game\Game.h(50,9): warning C4150: deletion of pointer to incomplete type 'Text'; no destructor called
  (compiling source file 'src/Game/Game.cpp')
      C:\Users\Griffin G. Salazar\Cpp Projects\SpookyMatch\src\Game\Game.h(14,7):
      see declaration of 'Text'
  
C:\Users\Griffin G. Salazar\Cpp Projects\SpookyMatch\src\Game\Game.h(51,9): warning C4150: deletion of pointer to incomplete type 'Text'; no destructor called
  (compiling source file 'src/Game/Game.cpp')
      C:\Users\Griffin G. Salazar\Cpp Projects\SpookyMatch\src\Game\Game.h(14,7):
      see declaration of 'Text'
  
C:\Users\Griffin G. Salazar\Cpp Projects\SpookyMatch\src\Engine\Graphics\Camera.h(14,67): warning C4244: '=': conversion from 'float' to 'int', possible loss of data
  (compiling source file 'src/Game/Game.cpp')
  
C:\Users\Griffin G. Salazar\Cpp Projects\SpookyMatch\src\Engine\Graphics\Camera.h(14,110): warning C4244: '=': conversion from 'float' to 'int', possible loss of data
  (compiling source file 'src/Game/Game.cpp')
  
C:\Users\Griffin G. Salazar\Cpp Projects\SpookyMatch\src\Engine\Graphics\Font.h(11,37): warning C4244: 'argument': conversion from 'uint' to 'float', possible loss of data
  (compiling source file 'src/Game/Game.cpp')
  
C:\Users\Griffin G. Salazar\Cpp Projects\SpookyMatch\src\Engine\Graphics\Font.h(15,38): warning C4244: 'argument': conversion from 'uint' to 'float', possible loss of data
  (compiling source file 'src/Game/Game.cpp')
  
C:\Users\Griffin G. Salazar\Cpp Projects\SpookyMatch\src\Engine\Graphics\Sprite.h(50,56): warning C4834: discarding return value of function with [[nodiscard]] attribute
  (compiling source file 'src/Game/Game.cpp')
  
C:\Users\Griffin G. Salazar\Cpp Projects\SpookyMatch\src\Engine\Graphics\Sprite.h(64,59): warning C4244: '=': conversion from 'double' to 'float', possible loss of data
  (compiling source file 'src/Game/Game.cpp')
  
C:\Users\Griffin G. Salazar\Cpp Projects\SpookyMatch\src\Engine\Graphics\Sprite.h(65,52): warning C4244: 'return': conversion from 'double' to 'float', possible loss of data
  (compiling source file 'src/Game/Game.cpp')
  
C:\Users\Griffin G. Salazar\Cpp Projects\SpookyMatch\src\Engine\Graphics\Text.h(58,55): warning C4834: discarding return value of function with [[nodiscard]] attribute
  (compiling source file 'src/Game/Game.cpp')
  
C:\Users\Griffin G. Salazar\Cpp Projects\SpookyMatch\src\Engine\Graphics\Text.h(86,59): warning C4244: '=': conversion from 'double' to 'float', possible loss of data
  (compiling source file 'src/Game/Game.cpp')
  
C:\Users\Griffin G. Salazar\Cpp Projects\SpookyMatch\src\Engine\Graphics\Text.h(87,52): warning C4244: 'return': conversion from 'double' to 'float', possible loss of data
  (compiling source file 'src/Game/Game.cpp')
  
C:\Users\Griffin G. Salazar\Cpp Projects\SpookyMatch\src\Game\Menu.h(14,40): warning C4150: deletion of pointer to incomplete type 'UI'; no destructor called
  (compiling source file 'src/Game/Game.cpp')
      C:\Users\Griffin G. Salazar\Cpp Projects\SpookyMatch\src\Game\Game.h(13,7):
      see declaration of 'UI'
  
  Renderer.cpp
C:\Users\Griffin G. Salazar\Cpp Projects\SpookyMatch\src\Engine\Math\Geometry.h(23,43): warning C4244: 'return': conversion from 'double' to 'float', possible loss of data
  (compiling source file 'src/Engine/Graphics/Renderer.cpp')
  
C:\Users\Griffin G. Salazar\Cpp Projects\SpookyMatch\src\Engine\Math\Geometry.h(35,43): warning C4244: 'return': conversion from 'double' to 'float', possible loss of data
  (compiling source file 'src/Engine/Graphics/Renderer.cpp')
  
C:\Users\Griffin G. Salazar\Cpp Projects\SpookyMatch\src\Engine\Math\Geometry.h(36,45): warning C4244: 'return': conversion from 'double' to 'float', possible loss of data
  (compiling source file 'src/Engine/Graphics/Renderer.cpp')
  
C:\Users\Griffin G. Salazar\Cpp Projects\SpookyMatch\src\Engine\Math\Geometry.h(47,124): warning C4244: 'return': conversion from 'double' to 'float', possible loss of data
  (compiling source file 'src/Engine/Graphics/Renderer.cpp')
  
C:\Users\Griffin G. Salazar\Cpp Projects\SpookyMatch\src\Engine\Math\Geometry.h(60,39): warning C4244: 'return': conversion from 'int' to 'float', possible loss of data
  (compiling source file 'src/Engine/Graphics/Renderer.cpp')
  
C:\Users\Griffin G. Salazar\Cpp Projects\SpookyMatch\src\Engine\Graphics\Sprite.h(50,56): warning C4834: discarding return value of function with [[nodiscard]] attribute
  (compiling source file 'src/Engine/Graphics/Renderer.cpp')
  
C:\Users\Griffin G. Salazar\Cpp Projects\SpookyMatch\src\Engine\Graphics\Sprite.h(64,59): warning C4244: '=': conversion from 'double' to 'float', possible loss of data
  (compiling source file 'src/Engine/Graphics/Renderer.cpp')
  
C:\Users\Griffin G. Salazar\Cpp Projects\SpookyMatch\src\Engine\Graphics\Sprite.h(65,52): warning C4244: 'return': conversion from 'double' to 'float', possible loss of data
  (compiling source file 'src/Engine/Graphics/Renderer.cpp')
  
C:\Users\Griffin G. Salazar\Cpp Projects\SpookyMatch\src\Engine\Graphics\Camera.h(14,67): warning C4244: '=': conversion from 'float' to 'int', possible loss of data
  (compiling source file 'src/Engine/Graphics/Renderer.cpp')
  
C:\Users\Griffin G. Salazar\Cpp Projects\SpookyMatch\src\Engine\Graphics\Camera.h(14,110): warning C4244: '=': conversion from 'float' to 'int', possible loss of data
  (compiling source file 'src/Engine/Graphics/Renderer.cpp')
  
C:\Users\Griffin G. Salazar\Cpp Projects\SpookyMatch\src\Engine\Graphics\Font.h(11,37): warning C4244: 'argument': conversion from 'uint' to 'float', possible loss of data
  (compiling source file 'src/Engine/Graphics/Renderer.cpp')
  
C:\Users\Griffin G. Salazar\Cpp Projects\SpookyMatch\src\Engine\Graphics\Font.h(15,38): warning C4244: 'argument': conversion from 'uint' to 'float', possible loss of data
  (compiling source file 'src/Engine/Graphics/Renderer.cpp')
  
C:\Users\Griffin G. Salazar\Cpp Projects\SpookyMatch\src\Game\Game.h(39,34): warning C4150: deletion of pointer to incomplete type 'Entity'; no destructor called
  (compiling source file 'src/Engine/Graphics/Renderer.cpp')
      C:\Users\Griffin G. Salazar\Cpp Projects\SpookyMatch\src\Game\Game.h(11,7):
      see declaration of 'Entity'
  
C:\Users\Griffin G. Salazar\Cpp Projects\SpookyMatch\src\Game\Game.h(42,31): warning C4150: deletion of pointer to incomplete type 'Icon'; no destructor called
  (compiling source file 'src/Engine/Graphics/Renderer.cpp')
      C:\Users\Griffin G. Salazar\Cpp Projects\SpookyMatch\src\Game\Game.h(12,7):
      see declaration of 'Icon'
  
C:\Users\Griffin G. Salazar\Cpp Projects\SpookyMatch\src\Game\Game.h(45,31): warning C4150: deletion of pointer to incomplete type 'Menu'; no destructor called
  (compiling source file 'src/Engine/Graphics/Renderer.cpp')
      C:\Users\Griffin G. Salazar\Cpp Projects\SpookyMatch\src\Game\Game.h(10,7):
      see declaration of 'Menu'
  
C:\Users\Griffin G. Salazar\Cpp Projects\SpookyMatch\src\Game\Game.h(48,9): warning C4150: deletion of pointer to incomplete type 'Text'; no destructor called
  (compiling source file 'src/Engine/Graphics/Renderer.cpp')
      C:\Users\Griffin G. Salazar\Cpp Projects\SpookyMatch\src\Engine\Graphics\Renderer.h(8,7):
      see declaration of 'Text'
  
C:\Users\Griffin G. Salazar\Cpp Projects\SpookyMatch\src\Game\Game.h(49,9): warning C4150: deletion of pointer to incomplete type 'Text'; no destructor called
  (compiling source file 'src/Engine/Graphics/Renderer.cpp')
      C:\Users\Griffin G. Salazar\Cpp Projects\SpookyMatch\src\Engine\Graphics\Renderer.h(8,7):
      see declaration of 'Text'
  
C:\Users\Griffin G. Salazar\Cpp Projects\SpookyMatch\src\Game\Game.h(50,9): warning C4150: deletion of pointer to incomplete type 'Text'; no destructor called
  (compiling source file 'src/Engine/Graphics/Renderer.cpp')
      C:\Users\Griffin G. Salazar\Cpp Projects\SpookyMatch\src\Engine\Graphics\Renderer.h(8,7):
      see declaration of 'Text'
  
C:\Users\Griffin G. Salazar\Cpp Projects\SpookyMatch\src\Game\Game.h(51,9): warning C4150: deletion of pointer to incomplete type 'Text'; no destructor called
  (compiling source file 'src/Engine/Graphics/Renderer.cpp')
      C:\Users\Griffin G. Salazar\Cpp Projects\SpookyMatch\src\Engine\Graphics\Renderer.h(8,7):
      see declaration of 'Text'
  
C:\Users\Griffin G. Salazar\Cpp Projects\SpookyMatch\src\Engine\Graphics\Text.h(58,55): warning C4834: discarding return value of function with [[nodiscard]] attribute
  (compiling source file 'src/Engine/Graphics/Renderer.cpp')
  
C:\Users\Griffin G. Salazar\Cpp Projects\SpookyMatch\src\Engine\Graphics\Text.h(86,59): warning C4244: '=': conversion from 'double' to 'float', possible loss of data
  (compiling source file 'src/Engine/Graphics/Renderer.cpp')
  
C:\Users\Griffin G. Salazar\Cpp Projects\SpookyMatch\src\Engine\Graphics\Text.h(87,52): warning C4244: 'return': conversion from 'double' to 'float', possible loss of data
  (compiling source file 'src/Engine/Graphics/Renderer.cpp')
  
C:\Users\Griffin G. Salazar\Cpp Projects\SpookyMatch\src\Engine\Graphics\Renderer.cpp(17,30): warning C4838: conversion from 'const T' to 'float' requires a narrowing conversion
C:\Users\Griffin G. Salazar\Cpp Projects\SpookyMatch\src\Engine\Graphics\Renderer.cpp(17,30): warning C4838:         with
C:\Users\Griffin G. Salazar\Cpp Projects\SpookyMatch\src\Engine\Graphics\Renderer.cpp(17,30): warning C4838:         [
C:\Users\Griffin G. Salazar\Cpp Projects\SpookyMatch\src\Engine\Graphics\Renderer.cpp(17,30): warning C4838:             T=int
C:\Users\Griffin G. Salazar\Cpp Projects\SpookyMatch\src\Engine\Graphics\Renderer.cpp(17,30): warning C4838:         ]
C:\Users\Griffin G. Salazar\Cpp Projects\SpookyMatch\src\Engine\Graphics\Renderer.cpp(17,30): warning C4244: 'initializing': conversion from 'const T' to 'float', possible loss of data
C:\Users\Griffin G. Salazar\Cpp Projects\SpookyMatch\src\Engine\Graphics\Renderer.cpp(17,30): warning C4244:         with
C:\Users\Griffin G. Salazar\Cpp Projects\SpookyMatch\src\Engine\Graphics\Renderer.cpp(17,30): warning C4244:         [
C:\Users\Griffin G. Salazar\Cpp Projects\SpookyMatch\src\Engine\Graphics\Renderer.cpp(17,30): warning C4244:             T=int
C:\Users\Griffin G. Salazar\Cpp Projects\SpookyMatch\src\Engine\Graphics\Renderer.cpp(17,30): warning C4244:         ]
C:\Users\Griffin G. Salazar\Cpp Projects\SpookyMatch\src\Engine\Graphics\Renderer.cpp(17,37): warning C4838: conversion from 'const T' to 'float' requires a narrowing conversion
C:\Users\Griffin G. Salazar\Cpp Projects\SpookyMatch\src\Engine\Graphics\Renderer.cpp(17,37): warning C4838:         with
C:\Users\Griffin G. Salazar\Cpp Projects\SpookyMatch\src\Engine\Graphics\Renderer.cpp(17,37): warning C4838:         [
C:\Users\Griffin G. Salazar\Cpp Projects\SpookyMatch\src\Engine\Graphics\Renderer.cpp(17,37): warning C4838:             T=int
C:\Users\Griffin G. Salazar\Cpp Projects\SpookyMatch\src\Engine\Graphics\Renderer.cpp(17,37): warning C4838:         ]
C:\Users\Griffin G. Salazar\Cpp Projects\SpookyMatch\src\Engine\Graphics\Renderer.cpp(17,37): warning C4244: 'initializing': conversion from 'const T' to 'float', possible loss of data
C:\Users\Griffin G. Salazar\Cpp Projects\SpookyMatch\src\Engine\Graphics\Renderer.cpp(17,37): warning C4244:         with
C:\Users\Griffin G. Salazar\Cpp Projects\SpookyMatch\src\Engine\Graphics\Renderer.cpp(17,37): warning C4244:         [
C:\Users\Griffin G. Salazar\Cpp Projects\SpookyMatch\src\Engine\Graphics\Renderer.cpp(17,37): warning C4244:             T=int
C:\Users\Griffin G. Salazar\Cpp Projects\SpookyMatch\src\Engine\Graphics\Renderer.cpp(17,37): warning C4244:         ]
C:\Users\Griffin G. Salazar\Cpp Projects\SpookyMatch\src\Engine\Graphics\Renderer.cpp(17,62): warning C4838: conversion from 'const T' to 'float' requires a narrowing conversion
C:\Users\Griffin G. Salazar\Cpp Projects\SpookyMatch\src\Engine\Graphics\Renderer.cpp(17,62): warning C4838:         with
C:\Users\Griffin G. Salazar\Cpp Projects\SpookyMatch\src\Engine\Graphics\Renderer.cpp(17,62): warning C4838:         [
C:\Users\Griffin G. Salazar\Cpp Projects\SpookyMatch\src\Engine\Graphics\Renderer.cpp(17,62): warning C4838:             T=int
C:\Users\Griffin G. Salazar\Cpp Projects\SpookyMatch\src\Engine\Graphics\Renderer.cpp(17,62): warning C4838:         ]
C:\Users\Griffin G. Salazar\Cpp Projects\SpookyMatch\src\Engine\Graphics\Renderer.cpp(17,62): warning C4244: 'initializing': conversion from 'const T' to 'float', possible loss of data
C:\Users\Griffin G. Salazar\Cpp Projects\SpookyMatch\src\Engine\Graphics\Renderer.cpp(17,62): warning C4244:         with
C:\Users\Griffin G. Salazar\Cpp Projects\SpookyMatch\src\Engine\Graphics\Renderer.cpp(17,62): warning C4244:         [
C:\Users\Griffin G. Salazar\Cpp Projects\SpookyMatch\src\Engine\Graphics\Renderer.cpp(17,62): warning C4244:             T=int
C:\Users\Griffin G. Salazar\Cpp Projects\SpookyMatch\src\Engine\Graphics\Renderer.cpp(17,62): warning C4244:         ]
C:\Users\Griffin G. Salazar\Cpp Projects\SpookyMatch\src\Engine\Graphics\Renderer.cpp(17,87): warning C4838: conversion from 'const T' to 'float' requires a narrowing conversion
C:\Users\Griffin G. Salazar\Cpp Projects\SpookyMatch\src\Engine\Graphics\Renderer.cpp(17,87): warning C4838:         with
C:\Users\Griffin G. Salazar\Cpp Projects\SpookyMatch\src\Engine\Graphics\Renderer.cpp(17,87): warning C4838:         [
C:\Users\Griffin G. Salazar\Cpp Projects\SpookyMatch\src\Engine\Graphics\Renderer.cpp(17,87): warning C4838:             T=int
C:\Users\Griffin G. Salazar\Cpp Projects\SpookyMatch\src\Engine\Graphics\Renderer.cpp(17,87): warning C4838:         ]
C:\Users\Griffin G. Salazar\Cpp Projects\SpookyMatch\src\Engine\Graphics\Renderer.cpp(17,87): warning C4244: 'initializing': conversion from 'const T' to 'float', possible loss of data
C:\Users\Griffin G. Salazar\Cpp Projects\SpookyMatch\src\Engine\Graphics\Renderer.cpp(17,87): warning C4244:         with
C:\Users\Griffin G. Salazar\Cpp Projects\SpookyMatch\src\Engine\Graphics\Renderer.cpp(17,87): warning C4244:         [
C:\Users\Griffin G. Salazar\Cpp Projects\SpookyMatch\src\Engine\Graphics\Renderer.cpp(17,87): warning C4244:             T=int
C:\Users\Griffin G. Salazar\Cpp Projects\SpookyMatch\src\Engine\Graphics\Renderer.cpp(17,87): warning C4244:         ]
C:\Users\Griffin G. Salazar\Cpp Projects\SpookyMatch\src\Engine\Graphics\Renderer.cpp(29,42): warning C4838: conversion from 'T' to 'float' requires a narrowing conversion
C:\Users\Griffin G. Salazar\Cpp Projects\SpookyMatch\src\Engine\Graphics\Renderer.cpp(29,42): warning C4838:         with
C:\Users\Griffin G. Salazar\Cpp Projects\SpookyMatch\src\Engine\Graphics\Renderer.cpp(29,42): warning C4838:         [
C:\Users\Griffin G. Salazar\Cpp Projects\SpookyMatch\src\Engine\Graphics\Renderer.cpp(29,42): warning C4838:             T=int
C:\Users\Griffin G. Salazar\Cpp Projects\SpookyMatch\src\Engine\Graphics\Renderer.cpp(29,42): warning C4838:         ]
C:\Users\Griffin G. Salazar\Cpp Projects\SpookyMatch\src\Engine\Graphics\Renderer.cpp(29,42): warning C4244: 'initializing': conversion from 'T' to 'float', possible loss of data
C:\Users\Griffin G. Salazar\Cpp Projects\SpookyMatch\src\Engine\Graphics\Renderer.cpp(29,42): warning C4244:         with
C:\Users\Griffin G. Salazar\Cpp Projects\SpookyMatch\src\Engine\Graphics\Renderer.cpp(29,42): warning C4244:         [
C:\Users\Griffin G. Salazar\Cpp Projects\SpookyMatch\src\Engine\Graphics\Renderer.cpp(29,42): warning C4244:             T=int
C:\Users\Griffin G. Salazar\Cpp Projects\SpookyMatch\src\Engine\Graphics\Renderer.cpp(29,42): warning C4244:         ]
C:\Users\Griffin G. Salazar\Cpp Projects\SpookyMatch\src\Engine\Graphics\Renderer.cpp(30,23): warning C4838: conversion from 'T' to 'float' requires a narrowing conversion
C:\Users\Griffin G. Salazar\Cpp Projects\SpookyMatch\src\Engine\Graphics\Renderer.cpp(30,23): warning C4838:         with
C:\Users\Griffin G. Salazar\Cpp Projects\SpookyMatch\src\Engine\Graphics\Renderer.cpp(30,23): warning C4838:         [
C:\Users\Griffin G. Salazar\Cpp Projects\SpookyMatch\src\Engine\Graphics\Renderer.cpp(30,23): warning C4838:             T=int
C:\Users\Griffin G. Salazar\Cpp Projects\SpookyMatch\src\Engine\Graphics\Renderer.cpp(30,23): warning C4838:         ]
C:\Users\Griffin G. Salazar\Cpp Projects\SpookyMatch\src\Engine\Graphics\Renderer.cpp(30,23): warning C4244: 'initializing': conversion from 'T' to 'float', possible loss of data
C:\Users\Griffin G. Salazar\Cpp Projects\SpookyMatch\src\Engine\Graphics\Renderer.cpp(30,23): warning C4244:         with
C:\Users\Griffin G. Salazar\Cpp Projects\SpookyMatch\src\Engine\Graphics\Renderer.cpp(30,23): warning C4244:         [
C:\Users\Griffin G. Salazar\Cpp Projects\SpookyMatch\src\Engine\Graphics\Renderer.cpp(30,23): warning C4244:             T=int
C:\Users\Griffin G. Salazar\Cpp Projects\SpookyMatch\src\Engine\Graphics\Renderer.cpp(30,23): warning C4244:         ]
C:\Users\Griffin G. Salazar\Cpp Projects\SpookyMatch\src\Engine\Graphics\Renderer.cpp(31,23): warning C4838: conversion from 'const T' to 'float' requires a narrowing conversion
C:\Users\Griffin G. Salazar\Cpp Projects\SpookyMatch\src\Engine\Graphics\Renderer.cpp(31,23): warning C4838:         with
C:\Users\Griffin G. Salazar\Cpp Projects\SpookyMatch\src\Engine\Graphics\Renderer.cpp(31,23): warning C4838:         [
C:\Users\Griffin G. Salazar\Cpp Projects\SpookyMatch\src\Engine\Graphics\Renderer.cpp(31,23): warning C4838:             T=int
C:\Users\Griffin G. Salazar\Cpp Projects\SpookyMatch\src\Engine\Graphics\Renderer.cpp(31,23): warning C4838:         ]
C:\Users\Griffin G. Salazar\Cpp Projects\SpookyMatch\src\Engine\Graphics\Renderer.cpp(31,23): warning C4244: 'initializing': conversion from 'const T' to 'float', possible loss of data
C:\Users\Griffin G. Salazar\Cpp Projects\SpookyMatch\src\Engine\Graphics\Renderer.cpp(31,23): warning C4244:         with
C:\Users\Griffin G. Salazar\Cpp Projects\SpookyMatch\src\Engine\Graphics\Renderer.cpp(31,23): warning C4244:         [
C:\Users\Griffin G. Salazar\Cpp Projects\SpookyMatch\src\Engine\Graphics\Renderer.cpp(31,23): warning C4244:             T=int
C:\Users\Griffin G. Salazar\Cpp Projects\SpookyMatch\src\Engine\Graphics\Renderer.cpp(31,23): warning C4244:         ]
C:\Users\Griffin G. Salazar\Cpp Projects\SpookyMatch\src\Engine\Graphics\Renderer.cpp(31,41): warning C4838: conversion from 'const T' to 'float' requires a narrowing conversion
C:\Users\Griffin G. Salazar\Cpp Projects\SpookyMatch\src\Engine\Graphics\Renderer.cpp(31,41): warning C4838:         with
C:\Users\Griffin G. Salazar\Cpp Projects\SpookyMatch\src\Engine\Graphics\Renderer.cpp(31,41): warning C4838:         [
C:\Users\Griffin G. Salazar\Cpp Projects\SpookyMatch\src\Engine\Graphics\Renderer.cpp(31,41): warning C4838:             T=int
C:\Users\Griffin G. Salazar\Cpp Projects\SpookyMatch\src\Engine\Graphics\Renderer.cpp(31,41): warning C4838:         ]
C:\Users\Griffin G. Salazar\Cpp Projects\SpookyMatch\src\Engine\Graphics\Renderer.cpp(31,41): warning C4244: 'initializing': conversion from 'const T' to 'float', possible loss of data
C:\Users\Griffin G. Salazar\Cpp Projects\SpookyMatch\src\Engine\Graphics\Renderer.cpp(31,41): warning C4244:         with
C:\Users\Griffin G. Salazar\Cpp Projects\SpookyMatch\src\Engine\Graphics\Renderer.cpp(31,41): warning C4244:         [
C:\Users\Griffin G. Salazar\Cpp Projects\SpookyMatch\src\Engine\Graphics\Renderer.cpp(31,41): warning C4244:             T=int
C:\Users\Griffin G. Salazar\Cpp Projects\SpookyMatch\src\Engine\Graphics\Renderer.cpp(31,41): warning C4244:         ]
C:\Users\Griffin G. Salazar\Cpp Projects\SpookyMatch\src\Engine\Graphics\Renderer.cpp(34,41): warning C4838: conversion from 'int' to 'float' requires a narrowing conversion
C:\Users\Griffin G. Salazar\Cpp Projects\SpookyMatch\src\Engine\Graphics\Renderer.cpp(34,41): warning C4244: 'initializing': conversion from 'int' to 'float', possible loss of data
C:\Users\Griffin G. Salazar\Cpp Projects\SpookyMatch\src\Engine\Graphics\Renderer.cpp(35,22): warning C4838: conversion from 'int' to 'float' requires a narrowing conversion
C:\Users\Griffin G. Salazar\Cpp Projects\SpookyMatch\src\Engine\Graphics\Renderer.cpp(35,22): warning C4244: 'initializing': conversion from 'int' to 'float', possible loss of data
C:\Users\Griffin G. Salazar\Cpp Projects\SpookyMatch\src\Engine\Graphics\Renderer.cpp(36,24): warning C4838: conversion from 'T' to 'float' requires a narrowing conversion
C:\Users\Griffin G. Salazar\Cpp Projects\SpookyMatch\src\Engine\Graphics\Renderer.cpp(36,24): warning C4838:         with
C:\Users\Griffin G. Salazar\Cpp Projects\SpookyMatch\src\Engine\Graphics\Renderer.cpp(36,24): warning C4838:         [
C:\Users\Griffin G. Salazar\Cpp Projects\SpookyMatch\src\Engine\Graphics\Renderer.cpp(36,24): warning C4838:             T=int
C:\Users\Griffin G. Salazar\Cpp Projects\SpookyMatch\src\Engine\Graphics\Renderer.cpp(36,24): warning C4838:         ]
C:\Users\Griffin G. Salazar\Cpp Projects\SpookyMatch\src\Engine\Graphics\Renderer.cpp(36,24): warning C4244: 'initializing': conversion from 'T' to 'float', possible loss of data
C:\Users\Griffin G. Salazar\Cpp Projects\SpookyMatch\src\Engine\Graphics\Renderer.cpp(36,24): warning C4244:         with
C:\Users\Griffin G. Salazar\Cpp Projects\SpookyMatch\src\Engine\Graphics\Renderer.cpp(36,24): warning C4244:         [
C:\Users\Griffin G. Salazar\Cpp Projects\SpookyMatch\src\Engine\Graphics\Renderer.cpp(36,24): warning C4244:             T=int
C:\Users\Griffin G. Salazar\Cpp Projects\SpookyMatch\src\Engine\Graphics\Renderer.cpp(36,24): warning C4244:         ]
C:\Users\Griffin G. Salazar\Cpp Projects\SpookyMatch\src\Engine\Graphics\Renderer.cpp(37,24): warning C4838: conversion from 'T' to 'float' requires a narrowing conversion
C:\Users\Griffin G. Salazar\Cpp Projects\SpookyMatch\src\Engine\Graphics\Renderer.cpp(37,24): warning C4838:         with
C:\Users\Griffin G. Salazar\Cpp Projects\SpookyMatch\src\Engine\Graphics\Renderer.cpp(37,24): warning C4838:         [
C:\Users\Griffin G. Salazar\Cpp Projects\SpookyMatch\src\Engine\Graphics\Renderer.cpp(37,24): warning C4838:             T=int
C:\Users\Griffin G. Salazar\Cpp Projects\SpookyMatch\src\Engine\Graphics\Renderer.cpp(37,24): warning C4838:         ]
C:\Users\Griffin G. Salazar\Cpp Projects\SpookyMatch\src\Engine\Graphics\Renderer.cpp(37,24): warning C4244: 'initializing': conversion from 'T' to 'float', possible loss of data
C:\Users\Griffin G. Salazar\Cpp Projects\SpookyMatch\src\Engine\Graphics\Renderer.cpp(37,24): warning C4244:         with
C:\Users\Griffin G. Salazar\Cpp Projects\SpookyMatch\src\Engine\Graphics\Renderer.cpp(37,24): warning C4244:         [
C:\Users\Griffin G. Salazar\Cpp Projects\SpookyMatch\src\Engine\Graphics\Renderer.cpp(37,24): warning C4244:             T=int
C:\Users\Griffin G. Salazar\Cpp Projects\SpookyMatch\src\Engine\Graphics\Renderer.cpp(37,24): warning C4244:         ]
C:\Users\Griffin G. Salazar\Cpp Projects\SpookyMatch\src\Engine\Graphics\Renderer.cpp(40,86): warning C4244: 'argument': conversion from 'float' to 'Uint8', possible loss of data
C:\Users\Griffin G. Salazar\Cpp Projects\SpookyMatch\src\Engine\Graphics\Renderer.cpp(40,68): warning C4244: 'argument': conversion from 'float' to 'Uint8', possible loss of data
C:\Users\Griffin G. Salazar\Cpp Projects\SpookyMatch\src\Engine\Graphics\Renderer.cpp(40,50): warning C4244: 'argument': conversion from 'float' to 'Uint8', possible loss of data
C:\Users\Griffin G. Salazar\Cpp Projects\SpookyMatch\src\Engine\Graphics\Renderer.cpp(41,50): warning C4244: 'argument': conversion from 'float' to 'Uint8', possible loss of data
C:\Users\Griffin G. Salazar\Cpp Projects\SpookyMatch\src\Engine\Graphics\Renderer.cpp(87,39): warning C4838: conversion from 'int' to 'float' requires a narrowing conversion
C:\Users\Griffin G. Salazar\Cpp Projects\SpookyMatch\src\Engine\Graphics\Renderer.cpp(87,39): warning C4244: 'initializing': conversion from 'int' to 'float', possible loss of data
C:\Users\Griffin G. Salazar\Cpp Projects\SpookyMatch\src\Engine\Graphics\Renderer.cpp(87,51): warning C4838: conversion from 'int' to 'float' requires a narrowing conversion
C:\Users\Griffin G. Salazar\Cpp Projects\SpookyMatch\src\Engine\Graphics\Renderer.cpp(87,51): warning C4244: 'initializing': conversion from 'int' to 'float', possible loss of data
C:\Users\Griffin G. Salazar\Cpp Projects\SpookyMatch\src\Engine\Graphics\Renderer.cpp(89,14): warning C4838: conversion from 'int' to 'float' requires a narrowing conversion
C:\Users\Griffin G. Salazar\Cpp Projects\SpookyMatch\src\Engine\Graphics\Renderer.cpp(89,14): warning C4244: 'initializing': conversion from 'int' to 'float', possible loss of data
C:\Users\Griffin G. Salazar\Cpp Projects\SpookyMatch\src\Engine\Graphics\Renderer.cpp(90,14): warning C4838: conversion from 'int' to 'float' requires a narrowing conversion
C:\Users\Griffin G. Salazar\Cpp Projects\SpookyMatch\src\Engine\Graphics\Renderer.cpp(90,14): warning C4244: 'initializing': conversion from 'int' to 'float', possible loss of data
C:\Users\Griffin G. Salazar\Cpp Projects\SpookyMatch\src\Engine\Graphics\Renderer.cpp(120,88): warning C4244: 'argument': conversion from 'float' to 'Uint8', possible loss of data
C:\Users\Griffin G. Salazar\Cpp Projects\SpookyMatch\src\Engine\Graphics\Renderer.cpp(120,73): warning C4244: 'argument': conversion from 'float' to 'Uint8', possible loss of data
C:\Users\Griffin G. Salazar\Cpp Projects\SpookyMatch\src\Engine\Graphics\Renderer.cpp(120,58): warning C4244: 'argument': conversion from 'float' to 'Uint8', possible loss of data
C:\Users\Griffin G. Salazar\Cpp Projects\SpookyMatch\src\Engine\Graphics\Renderer.cpp(120,43): warning C4244: 'argument': conversion from 'float' to 'Uint8', possible loss of data
C:\Users\Griffin G. Salazar\Cpp Projects\SpookyMatch\src\Engine\Graphics\Renderer.cpp(122,125): warning C4244: 'argument': conversion from 'int' to 'float', possible loss of data
C:\Users\Griffin G. Salazar\Cpp Projects\SpookyMatch\src\Engine\Graphics\Renderer.cpp(122,95): warning C4244: 'argument': conversion from 'int' to 'float', possible loss of data
C:\Users\Griffin G. Salazar\Cpp Projects\SpookyMatch\src\Engine\Graphics\Renderer.cpp(122,65): warning C4244: 'argument': conversion from 'int' to 'float', possible loss of data
C:\Users\Griffin G. Salazar\Cpp Projects\SpookyMatch\src\Engine\Graphics\Renderer.cpp(122,35): warning C4244: 'argument': conversion from 'int' to 'float', possible loss of data
C:\Users\Griffin G. Salazar\Cpp Projects\SpookyMatch\src\Engine\Graphics\Renderer.cpp(133,118): warning C4244: 'argument': conversion from 'float' to 'Uint8', possible loss of data
C:\Users\Griffin G. Salazar\Cpp Projects\SpookyMatch\src\Engine\Graphics\Renderer.cpp(133,96): warning C4244: 'argument': conversion from 'float' to 'Uint8', possible loss of data
C:\Users\Griffin G. Salazar\Cpp Projects\SpookyMatch\src\Engine\Graphics\Renderer.cpp(133,74): warning C4244: 'argument': conversion from 'float' to 'Uint8', possible loss of data
C:\Users\Griffin G. Salazar\Cpp Projects\SpookyMatch\src\Engine\Graphics\Renderer.cpp(133,52): warning C4244: 'argument': conversion from 'float' to 'Uint8', possible loss of data
C:\Users\Griffin G. Salazar\Cpp Projects\SpookyMatch\src\Engine\Graphics\Renderer.cpp(134,15): warning C4244: 'initializing': conversion from 'float' to 'int', possible loss of data
C:\Users\Griffin G. Salazar\Cpp Projects\SpookyMatch\src\Engine\Graphics\Renderer.cpp(135,16): warning C4244: 'initializing': conversion from 'float' to 'int', possible loss of data
C:\Users\Griffin G. Salazar\Cpp Projects\SpookyMatch\src\Engine\Graphics\Renderer.cpp(136,20): warning C4244: 'initializing': conversion from 'int' to 'float', possible loss of data
C:\Users\Griffin G. Salazar\Cpp Projects\SpookyMatch\src\Engine\Graphics\Renderer.cpp(145,110): warning C4244: 'argument': conversion from 'float' to 'Uint8', possible loss of data
C:\Users\Griffin G. Salazar\Cpp Projects\SpookyMatch\src\Engine\Graphics\Renderer.cpp(145,90): warning C4244: 'argument': conversion from 'float' to 'Uint8', possible loss of data
C:\Users\Griffin G. Salazar\Cpp Projects\SpookyMatch\src\Engine\Graphics\Renderer.cpp(145,70): warning C4244: 'argument': conversion from 'float' to 'Uint8', possible loss of data
C:\Users\Griffin G. Salazar\Cpp Projects\SpookyMatch\src\Engine\Graphics\Renderer.cpp(145,50): warning C4244: 'argument': conversion from 'float' to 'Uint8', possible loss of data
C:\Users\Griffin G. Salazar\Cpp Projects\SpookyMatch\src\Engine\Graphics\Renderer.cpp(146,15): warning C4244: 'initializing': conversion from 'float' to 'int', possible loss of data
C:\Users\Griffin G. Salazar\Cpp Projects\SpookyMatch\src\Engine\Graphics\Renderer.cpp(147,16): warning C4244: 'initializing': conversion from 'float' to 'int', possible loss of data
C:\Users\Griffin G. Salazar\Cpp Projects\SpookyMatch\src\Engine\Graphics\Renderer.cpp(182,117): warning C4244: 'argument': conversion from 'float' to 'Uint8', possible loss of data
C:\Users\Griffin G. Salazar\Cpp Projects\SpookyMatch\src\Engine\Graphics\Renderer.cpp(182,95): warning C4244: 'argument': conversion from 'float' to 'Uint8', possible loss of data
C:\Users\Griffin G. Salazar\Cpp Projects\SpookyMatch\src\Engine\Graphics\Renderer.cpp(182,73): warning C4244: 'argument': conversion from 'float' to 'Uint8', possible loss of data
C:\Users\Griffin G. Salazar\Cpp Projects\SpookyMatch\src\Engine\Graphics\Renderer.cpp(182,51): warning C4244: 'argument': conversion from 'float' to 'Uint8', possible loss of data
C:\Users\Griffin G. Salazar\Cpp Projects\SpookyMatch\src\Engine\Graphics\Renderer.cpp(193,11): warning C4244: 'initializing': conversion from 'const int' to 'float', possible loss of data
C:\Users\Griffin G. Salazar\Cpp Projects\SpookyMatch\src\Engine\Graphics\Renderer.cpp(194,11): warning C4244: 'initializing': conversion from 'const int' to 'float', possible loss of data
C:\Users\Griffin G. Salazar\Cpp Projects\SpookyMatch\src\Engine\Graphics\Renderer.cpp(206,110): warning C4244: 'argument': conversion from 'float' to 'Uint8', possible loss of data
C:\Users\Griffin G. Salazar\Cpp Projects\SpookyMatch\src\Engine\Graphics\Renderer.cpp(206,90): warning C4244: 'argument': conversion from 'float' to 'Uint8', possible loss of data
C:\Users\Griffin G. Salazar\Cpp Projects\SpookyMatch\src\Engine\Graphics\Renderer.cpp(206,70): warning C4244: 'argument': conversion from 'float' to 'Uint8', possible loss of data
C:\Users\Griffin G. Salazar\Cpp Projects\SpookyMatch\src\Engine\Graphics\Renderer.cpp(206,50): warning C4244: 'argument': conversion from 'float' to 'Uint8', possible loss of data
C:\Users\Griffin G. Salazar\Cpp Projects\SpookyMatch\src\Engine\Graphics\Renderer.cpp(213,118): warning C4244: 'argument': conversion from 'float' to 'Uint8', possible loss of data
C:\Users\Griffin G. Salazar\Cpp Projects\SpookyMatch\src\Engine\Graphics\Renderer.cpp(213,96): warning C4244: 'argument': conversion from 'float' to 'Uint8', possible loss of data
C:\Users\Griffin G. Salazar\Cpp Projects\SpookyMatch\src\Engine\Graphics\Renderer.cpp(213,74): warning C4244: 'argument': conversion from 'float' to 'Uint8', possible loss of data
C:\Users\Griffin G. Salazar\Cpp Projects\SpookyMatch\src\Engine\Graphics\Renderer.cpp(213,52): warning C4244: 'argument': conversion from 'float' to 'Uint8', possible loss of data
C:\Users\Griffin G. Salazar\Cpp Projects\SpookyMatch\src\Engine\Graphics\Renderer.cpp(215,49): warning C4838: conversion from 'const uchar' to 'float' requires a narrowing conversion
C:\Users\Griffin G. Salazar\Cpp Projects\SpookyMatch\src\Engine\Graphics\Renderer.cpp(218,64): warning C4838: conversion from 'const uchar' to 'float' requires a narrowing conversion
C:\Users\Griffin G. Salazar\Cpp Projects\SpookyMatch\src\Engine\Graphics\Renderer.cpp(221,56): warning C4838: conversion from 'const uchar' to 'float' requires a narrowing conversion
C:\Users\Griffin G. Salazar\Cpp Projects\SpookyMatch\src\Engine\Graphics\Renderer.cpp(224,70): warning C4838: conversion from 'const uchar' to 'float' requires a narrowing conversion
  Sprite.cpp
C:\Users\Griffin G. Salazar\Cpp Projects\SpookyMatch\src\Engine\Math\Geometry.h(23,43): warning C4244: 'return': conversion from 'double' to 'float', possible loss of data
  (compiling source file 'src/Engine/Graphics/Sprite.cpp')
  
C:\Users\Griffin G. Salazar\Cpp Projects\SpookyMatch\src\Engine\Math\Geometry.h(35,43): warning C4244: 'return': conversion from 'double' to 'float', possible loss of data
  (compiling source file 'src/Engine/Graphics/Sprite.cpp')
  
C:\Users\Griffin G. Salazar\Cpp Projects\SpookyMatch\src\Engine\Math\Geometry.h(36,45): warning C4244: 'return': conversion from 'double' to 'float', possible loss of data
  (compiling source file 'src/Engine/Graphics/Sprite.cpp')
  
C:\Users\Griffin G. Salazar\Cpp Projects\SpookyMatch\src\Engine\Math\Geometry.h(47,124): warning C4244: 'return': conversion from 'double' to 'float', possible loss of data
  (compiling source file 'src/Engine/Graphics/Sprite.cpp')
  
C:\Users\Griffin G. Salazar\Cpp Projects\SpookyMatch\src\Engine\Math\Geometry.h(60,39): warning C4244: 'return': conversion from 'int' to 'float', possible loss of data
  (compiling source file 'src/Engine/Graphics/Sprite.cpp')
  
C:\Users\Griffin G. Salazar\Cpp Projects\SpookyMatch\src\Engine\Graphics\Sprite.h(50,56): warning C4834: discarding return value of function with [[nodiscard]] attribute
  (compiling source file 'src/Engine/Graphics/Sprite.cpp')
  
C:\Users\Griffin G. Salazar\Cpp Projects\SpookyMatch\src\Engine\Graphics\Sprite.h(64,59): warning C4244: '=': conversion from 'double' to 'float', possible loss of data
  (compiling source file 'src/Engine/Graphics/Sprite.cpp')
  
C:\Users\Griffin G. Salazar\Cpp Projects\SpookyMatch\src\Engine\Graphics\Sprite.h(65,52): warning C4244: 'return': conversion from 'double' to 'float', possible loss of data
  (compiling source file 'src/Engine/Graphics/Sprite.cpp')
  
C:\Users\Griffin G. Salazar\Cpp Projects\SpookyMatch\src\Engine\Graphics\Sprite.cpp(87,23): warning C4244: '=': conversion from 'double' to 'uchar', possible loss of data
C:\Users\Griffin G. Salazar\Cpp Projects\SpookyMatch\src\Engine\Graphics\Sprite.cpp(89,44): warning C4244: '=': conversion from 'int' to 'float', possible loss of data
C:\Users\Griffin G. Salazar\Cpp Projects\SpookyMatch\src\Engine\Graphics\Sprite.cpp(98,58): warning C4244: '=': conversion from 'double' to 'T', possible loss of data
C:\Users\Griffin G. Salazar\Cpp Projects\SpookyMatch\src\Engine\Graphics\Sprite.cpp(98,58): warning C4244:         with
C:\Users\Griffin G. Salazar\Cpp Projects\SpookyMatch\src\Engine\Graphics\Sprite.cpp(98,58): warning C4244:         [
C:\Users\Griffin G. Salazar\Cpp Projects\SpookyMatch\src\Engine\Graphics\Sprite.cpp(98,58): warning C4244:             T=float
C:\Users\Griffin G. Salazar\Cpp Projects\SpookyMatch\src\Engine\Graphics\Sprite.cpp(98,58): warning C4244:         ]
C:\Users\Griffin G. Salazar\Cpp Projects\SpookyMatch\src\Engine\Graphics\Sprite.cpp(99,58): warning C4244: '=': conversion from 'double' to 'T', possible loss of data
C:\Users\Griffin G. Salazar\Cpp Projects\SpookyMatch\src\Engine\Graphics\Sprite.cpp(99,58): warning C4244:         with
C:\Users\Griffin G. Salazar\Cpp Projects\SpookyMatch\src\Engine\Graphics\Sprite.cpp(99,58): warning C4244:         [
C:\Users\Griffin G. Salazar\Cpp Projects\SpookyMatch\src\Engine\Graphics\Sprite.cpp(99,58): warning C4244:             T=float
C:\Users\Griffin G. Salazar\Cpp Projects\SpookyMatch\src\Engine\Graphics\Sprite.cpp(99,58): warning C4244:         ]
  Window.cpp
  main.cpp
C:\Users\Griffin G. Salazar\Cpp Projects\SpookyMatch\src\Engine\Math\Geometry.h(23,43): warning C4244: 'return': conversion from 'double' to 'float', possible loss of data
  (compiling source file 'src/main.cpp')
  
C:\Users\Griffin G. Salazar\Cpp Projects\SpookyMatch\src\Engine\Math\Geometry.h(35,43): warning C4244: 'return': conversion from 'double' to 'float', possible loss of data
  (compiling source file 'src/main.cpp')
  
C:\Users\Griffin G. Salazar\Cpp Projects\SpookyMatch\src\Engine\Math\Geometry.h(36,45): warning C4244: 'return': conversion from 'double' to 'float', possible loss of data
  (compiling source file 'src/main.cpp')
  
C:\Users\Griffin G. Salazar\Cpp Projects\SpookyMatch\src\Engine\Math\Geometry.h(47,124): warning C4244: 'return': conversion from 'double' to 'float', possible loss of data
  (compiling source file 'src/main.cpp')
  
C:\Users\Griffin G. Salazar\Cpp Projects\SpookyMatch\src\Engine\Math\Geometry.h(60,39): warning C4244: 'return': conversion from 'int' to 'float', possible loss of data
  (compiling source file 'src/main.cpp')
  
C:\Users\Griffin G. Salazar\Cpp Projects\SpookyMatch\src\Engine\Graphics\Camera.h(14,67): warning C4244: '=': conversion from 'float' to 'int', possible loss of data
  (compiling source file 'src/main.cpp')
  
C:\Users\Griffin G. Salazar\Cpp Projects\SpookyMatch\src\Engine\Graphics\Camera.h(14,110): warning C4244: '=': conversion from 'float' to 'int', possible loss of data
  (compiling source file 'src/main.cpp')
  
C:\Users\Griffin G. Salazar\Cpp Projects\SpookyMatch\src\Engine\Graphics\Font.h(11,37): warning C4244: 'argument': conversion from 'uint' to 'float', possible loss of data
  (compiling source file 'src/main.cpp')
  
C:\Users\Griffin G. Salazar\Cpp Projects\SpookyMatch\src\Engine\Graphics\Font.h(15,38): warning C4244: 'argument': conversion from 'uint' to 'float', possible loss of data
  (compiling source file 'src/main.cpp')
  
C:\Users\Griffin G. Salazar\Cpp Projects\SpookyMatch\src\Engine\Graphics\Sprite.h(50,56): warning C4834: discarding return value of function with [[nodiscard]] attribute
  (compiling source file 'src/main.cpp')
  
C:\Users\Griffin G. Salazar\Cpp Projects\SpookyMatch\src\Engine\Graphics\Sprite.h(64,59): warning C4244: '=': conversion from 'double' to 'float', possible loss of data
  (compiling source file 'src/main.cpp')
  
C:\Users\Griffin G. Salazar\Cpp Projects\SpookyMatch\src\Engine\Graphics\Sprite.h(65,52): warning C4244: 'return': conversion from 'double' to 'float', possible loss of data
  (compiling source file 'src/main.cpp')
  
C:\Users\Griffin G. Salazar\Cpp Projects\SpookyMatch\src\Game\Game.h(39,34): warning C4150: deletion of pointer to incomplete type 'Entity'; no destructor called
  (compiling source file 'src/main.cpp')
      C:\Users\Griffin G. Salazar\Cpp Projects\SpookyMatch\src\Game\Game.h(11,7):
      see declaration of 'Entity'
  
C:\Users\Griffin G. Salazar\Cpp Projects\SpookyMatch\src\Game\Game.h(42,31): warning C4150: deletion of pointer to incomplete type 'Icon'; no destructor called
  (compiling source file 'src/main.cpp')
      C:\Users\Griffin G. Salazar\Cpp Projects\SpookyMatch\src\Game\Game.h(12,7):
      see declaration of 'Icon'
  
C:\Users\Griffin G. Salazar\Cpp Projects\SpookyMatch\src\Game\Game.h(45,31): warning C4150: deletion of pointer to incomplete type 'Menu'; no destructor called
  (compiling source file 'src/main.cpp')
      C:\Users\Griffin G. Salazar\Cpp Projects\SpookyMatch\src\Game\Game.h(10,7):
      see declaration of 'Menu'
  
C:\Users\Griffin G. Salazar\Cpp Projects\SpookyMatch\src\Game\Game.h(48,9): warning C4150: deletion of pointer to incomplete type 'Text'; no destructor called
  (compiling source file 'src/main.cpp')
      C:\Users\Griffin G. Salazar\Cpp Projects\SpookyMatch\src\Engine\Graphics\Renderer.h(8,7):
      see declaration of 'Text'
  
C:\Users\Griffin G. Salazar\Cpp Projects\SpookyMatch\src\Game\Game.h(49,9): warning C4150: deletion of pointer to incomplete type 'Text'; no destructor called
  (compiling source file 'src/main.cpp')
      C:\Users\Griffin G. Salazar\Cpp Projects\SpookyMatch\src\Engine\Graphics\Renderer.h(8,7):
      see declaration of 'Text'
  
C:\Users\Griffin G. Salazar\Cpp Projects\SpookyMatch\src\Game\Game.h(50,9): warning C4150: deletion of pointer to incomplete type 'Text'; no destructor called
  (compiling source file 'src/main.cpp')
      C:\Users\Griffin G. Salazar\Cpp Projects\SpookyMatch\src\Engine\Graphics\Renderer.h(8,7):
      see declaration of 'Text'
  
C:\Users\Griffin G. Salazar\Cpp Projects\SpookyMatch\src\Game\Game.h(51,9): warning C4150: deletion of pointer to incomplete type 'Text'; no destructor called
  (compiling source file 'src/main.cpp')
      C:\Users\Griffin G. Salazar\Cpp Projects\SpookyMatch\src\Engine\Graphics\Renderer.h(8,7):
      see declaration of 'Text'
  
  Generating code
  Previous IPDB not found, fall back to full compilation.
  All 1032 functions were compiled because no usable IPDB/IOBJ from previous compilation was found.
  Finished generating code
  SpookyMatch.vcxproj -> C:\Users\Griffin G. Salazar\Cpp Projects\SpookyMatch\x64\Release\SpookyMatch.exe
